2020-11-20 11:32:27,856  INFO [main] (com.hzz.hzzjdbc.HzzjdbcApplication:logStarting:50) - Starting HzzjdbcApplication on DESKTOP-I0L1KHS with PID 12200 (D:\hzzmysoft\myspace\hzzjdbc\target\classes started by fxft in D:\hzzmysoft\myspace\hzzjdbc)
2020-11-20 11:32:27,917  INFO [main] (com.hzz.hzzjdbc.HzzjdbcApplication:logStartupProfileInfo:648) - No active profile set, falling back to default profiles: default
2020-11-20 11:35:19,651  INFO [main] (com.hzz.hzzjdbc.HzzjdbcApplication:logStarting:50) - Starting HzzjdbcApplication on DESKTOP-I0L1KHS with PID 6444 (D:\hzzmysoft\myspace\hzzjdbc\target\classes started by fxft in D:\hzzmysoft\myspace\hzzjdbc)
2020-11-20 11:35:19,669  INFO [main] (com.hzz.hzzjdbc.HzzjdbcApplication:logStartupProfileInfo:648) - No active profile set, falling back to default profiles: default
2020-11-20 11:35:22,353  INFO [main] (org.springframework.boot.web.embedded.tomcat.TomcatWebServer::) - Tomcat initialized with port(s): 8924 (http)
2020-11-20 11:35:22,420  INFO [main] (org.apache.coyote.http11.Http11NioProtocol::) - Initializing ProtocolHandler ["http-nio-8924"]
2020-11-20 11:35:22,433  INFO [main] (org.apache.catalina.core.StandardService::) - Starting service [Tomcat]
2020-11-20 11:35:22,435  INFO [main] (org.apache.catalina.core.StandardEngine::) - Starting Servlet engine: [Apache Tomcat/9.0.27]
2020-11-20 11:35:22,904  INFO [main] (org.apache.catalina.core.ContainerBase.[Tomcat].[localhost].[/]::) - Initializing Spring embedded WebApplicationContext
2020-11-20 11:35:22,904  INFO [main] (org.springframework.web.context.ContextLoader::) - Root WebApplicationContext: initialization completed in 3116 ms
2020-11-20 11:35:23,188  INFO [main] (com.hzz.hzzjdbc.jdbcutil.config.DaoAutoConfiguration:createhzzSpringJdbcUtil:46) - 连接数据库成功,url=jdbc:mysql://127.0.0.1:3306/hzzdata?serverTimezone=GMT%2B8&useUnicode=true&characterEncoding=utf-8
2020-11-20 11:36:54,880  INFO [main] (com.hzz.hzzjdbc.HzzjdbcApplication:logStarting:50) - Starting HzzjdbcApplication on DESKTOP-I0L1KHS with PID 15672 (D:\hzzmysoft\myspace\hzzjdbc\target\classes started by fxft in D:\hzzmysoft\myspace\hzzjdbc)
2020-11-20 11:36:54,896  INFO [main] (com.hzz.hzzjdbc.HzzjdbcApplication:logStartupProfileInfo:648) - No active profile set, falling back to default profiles: default
2020-11-20 11:36:59,981  INFO [main] (org.springframework.boot.web.embedded.tomcat.TomcatWebServer::) - Tomcat initialized with port(s): 8924 (http)
2020-11-20 11:37:00,074  INFO [main] (org.apache.coyote.http11.Http11NioProtocol::) - Initializing ProtocolHandler ["http-nio-8924"]
2020-11-20 11:37:00,093  INFO [main] (org.apache.catalina.core.StandardService::) - Starting service [Tomcat]
2020-11-20 11:37:00,094  INFO [main] (org.apache.catalina.core.StandardEngine::) - Starting Servlet engine: [Apache Tomcat/9.0.27]
2020-11-20 11:37:00,686  INFO [main] (org.apache.catalina.core.ContainerBase.[Tomcat].[localhost].[/]::) - Initializing Spring embedded WebApplicationContext
2020-11-20 11:37:00,686  INFO [main] (org.springframework.web.context.ContextLoader::) - Root WebApplicationContext: initialization completed in 5606 ms
2020-11-20 11:37:01,116  INFO [main] (com.hzz.hzzjdbc.jdbcutil.config.DaoAutoConfiguration:createhzzSpringJdbcUtil:46) - 连接数据库成功,url=jdbc:mysql://127.0.0.1:3306/hzzdata?serverTimezone=GMT%2B8&useUnicode=true&characterEncoding=utf-8
2020-11-20 11:37:01,266  INFO [main] (com.zaxxer.hikari.HikariDataSource::) - HikariPool-1 - Starting...
2020-11-20 11:37:01,677  INFO [main] (com.zaxxer.hikari.HikariDataSource::) - HikariPool-1 - Start completed.
2020-11-20 11:37:02,121  INFO [main] (org.springframework.scheduling.concurrent.ThreadPoolTaskExecutor::) - Initializing ExecutorService 'applicationTaskExecutor'
2020-11-20 11:37:02,713  INFO [main] (org.apache.coyote.http11.Http11NioProtocol::) - Starting ProtocolHandler ["http-nio-8924"]
2020-11-20 11:37:02,797  INFO [main] (org.springframework.boot.web.embedded.tomcat.TomcatWebServer::) - Tomcat started on port(s): 8924 (http) with context path ''
2020-11-20 11:37:02,806  INFO [main] (com.hzz.hzzjdbc.HzzjdbcApplication:logStarted:59) - Started HzzjdbcApplication in 9.902 seconds (JVM running for 20.902)
2020-11-20 11:40:36,783  INFO [main] (com.hzz.hzzjdbc.HzzjdbcApplication:logStarting:50) - Starting HzzjdbcApplication on DESKTOP-I0L1KHS with PID 13888 (D:\hzzmysoft\myspace\hzzjdbc\target\classes started by fxft in D:\hzzmysoft\myspace\hzzjdbc)
2020-11-20 11:40:36,797  INFO [main] (com.hzz.hzzjdbc.HzzjdbcApplication:logStartupProfileInfo:648) - No active profile set, falling back to default profiles: default
2020-11-20 11:40:39,665  INFO [main] (org.springframework.boot.web.embedded.tomcat.TomcatWebServer::) - Tomcat initialized with port(s): 8924 (http)
2020-11-20 11:40:39,721  INFO [main] (org.apache.coyote.http11.Http11NioProtocol::) - Initializing ProtocolHandler ["http-nio-8924"]
2020-11-20 11:40:39,733  INFO [main] (org.apache.catalina.core.StandardService::) - Starting service [Tomcat]
2020-11-20 11:40:39,735  INFO [main] (org.apache.catalina.core.StandardEngine::) - Starting Servlet engine: [Apache Tomcat/9.0.27]
2020-11-20 11:40:40,197  INFO [main] (org.apache.catalina.core.ContainerBase.[Tomcat].[localhost].[/]::) - Initializing Spring embedded WebApplicationContext
2020-11-20 11:40:40,197  INFO [main] (org.springframework.web.context.ContextLoader::) - Root WebApplicationContext: initialization completed in 3295 ms
2020-11-20 11:40:40,472  INFO [main] (com.hzz.hzzjdbc.jdbcutil.config.DaoAutoConfiguration:createhzzSpringJdbcUtil:46) - 连接数据库成功,url=jdbc:mysql://127.0.0.1:3306/hzzdata?serverTimezone=GMT%2B8&useUnicode=true&characterEncoding=utf-8
2020-11-20 11:40:40,578  INFO [main] (com.zaxxer.hikari.HikariDataSource::) - HikariPool-1 - Starting...
2020-11-20 11:40:40,916  INFO [main] (com.zaxxer.hikari.HikariDataSource::) - HikariPool-1 - Start completed.
2020-11-20 11:40:41,296  INFO [main] (org.springframework.scheduling.concurrent.ThreadPoolTaskExecutor::) - Initializing ExecutorService 'applicationTaskExecutor'
2020-11-20 11:40:41,740  INFO [main] (org.apache.coyote.http11.Http11NioProtocol::) - Starting ProtocolHandler ["http-nio-8924"]
2020-11-20 11:40:41,790  INFO [main] (org.springframework.boot.web.embedded.tomcat.TomcatWebServer::) - Tomcat started on port(s): 8924 (http) with context path ''
2020-11-20 11:40:41,796  INFO [main] (com.hzz.hzzjdbc.HzzjdbcApplication:logStarted:59) - Started HzzjdbcApplication in 6.284 seconds (JVM running for 13.57)
2020-11-23 11:36:18,667  INFO [main] (com.hzz.hzzjdbc.HzzjdbcApplication:logStarting:50) - Starting HzzjdbcApplication on DESKTOP-I0L1KHS with PID 4976 (D:\hzzmysoft\myspace\hzzjdbc\target\classes started by fxft in D:\hzzmysoft\myspace\hzzjdbc)
2020-11-23 11:36:18,693  INFO [main] (com.hzz.hzzjdbc.HzzjdbcApplication:logStartupProfileInfo:648) - No active profile set, falling back to default profiles: default
2020-11-23 11:36:20,860  INFO [main] (org.springframework.context.support.PostProcessorRegistrationDelegate$BeanPostProcessorChecker::) - Bean 'mostDataProcessConfig' of type [com.hzz.hzzjdbc.jdbcutil.config.mostdatasourceconfig.MostDataProcessConfig$$EnhancerBySpringCGLIB$$1] is not eligible for getting processed by all BeanPostProcessors (for example: not eligible for auto-proxying)
2020-11-23 11:36:20,880  INFO [main] (org.springframework.context.support.PostProcessorRegistrationDelegate$BeanPostProcessorChecker::) - Bean 'org.springframework.transaction.annotation.ProxyTransactionManagementConfiguration' of type [org.springframework.transaction.annotation.ProxyTransactionManagementConfiguration$$EnhancerBySpringCGLIB$$1] is not eligible for getting processed by all BeanPostProcessors (for example: not eligible for auto-proxying)
2020-11-23 11:36:21,092  INFO [main] (org.springframework.context.support.PostProcessorRegistrationDelegate$BeanPostProcessorChecker::) - Bean 'com.hzz.hzzjdbc.jdbcutil.config.DaoAutoConfiguration' of type [com.hzz.hzzjdbc.jdbcutil.config.DaoAutoConfiguration$$EnhancerBySpringCGLIB$$1] is not eligible for getting processed by all BeanPostProcessors (for example: not eligible for auto-proxying)
2020-11-23 11:36:21,113  INFO [main] (org.springframework.context.support.PostProcessorRegistrationDelegate$BeanPostProcessorChecker::) - Bean 'getDataSourcedefault' of type [com.hzz.hzzjdbc.jdbcutil.config.DataSourceVo] is not eligible for getting processed by all BeanPostProcessors (for example: not eligible for auto-proxying)
2020-11-23 11:36:21,119  INFO [main] (com.hzz.hzzjdbc.jdbcutil.config.DaoAutoConfiguration:createhzzSpringJdbcUtil:39) - jdbc:mysql://127.0.0.1:3306/hzzdata?serverTimezone=GMT%2B8&useUnicode=true&characterEncoding=utf-8主数据库成功,url=jdbc:mysql://127.0.0.1:3306/hzzdata?serverTimezone=GMT%2B8&useUnicode=true&characterEncoding=utf-8
2020-11-23 11:36:21,126  INFO [main] (org.springframework.context.support.PostProcessorRegistrationDelegate$BeanPostProcessorChecker::) - Bean 'createhzzSpringJdbcUtil' of type [com.hzz.hzzjdbc.jdbcutil.dbmain.Mysqldb] is not eligible for getting processed by all BeanPostProcessors (for example: not eligible for auto-proxying)
2020-11-23 11:36:21,131  INFO [main] (org.springframework.context.support.PostProcessorRegistrationDelegate$BeanPostProcessorChecker::) - Bean 'mostConnectTransactionalTest' of type [com.hzz.hzzjdbc.service.事务测试.MostConnectTransactionalTest] is not eligible for getting processed by all BeanPostProcessors (for example: not eligible for auto-proxying)
2020-11-23 11:36:21,229  INFO [main] (com.zaxxer.hikari.HikariDataSource::) - HikariPool-1 - Starting...
2020-11-23 11:36:21,919  INFO [main] (com.zaxxer.hikari.HikariDataSource::) - HikariPool-1 - Start completed.
2020-11-23 11:36:22,019  INFO [main] (org.springframework.context.support.PostProcessorRegistrationDelegate$BeanPostProcessorChecker::) - Bean 'test' of type [com.hzz.hzzjdbc.service.事务测试.test] is not eligible for getting processed by all BeanPostProcessors (for example: not eligible for auto-proxying)
2020-11-23 11:36:22,865  INFO [main] (org.springframework.boot.web.embedded.tomcat.TomcatWebServer::) - Tomcat initialized with port(s): 8924 (http)
2020-11-23 11:36:22,897  INFO [main] (org.apache.coyote.http11.Http11NioProtocol::) - Initializing ProtocolHandler ["http-nio-8924"]
2020-11-23 11:36:22,910  INFO [main] (org.apache.catalina.core.StandardService::) - Starting service [Tomcat]
2020-11-23 11:36:22,912  INFO [main] (org.apache.catalina.core.StandardEngine::) - Starting Servlet engine: [Apache Tomcat/9.0.27]
2020-11-23 11:36:23,103  INFO [main] (org.apache.catalina.core.ContainerBase.[Tomcat].[localhost].[/]::) - Initializing Spring embedded WebApplicationContext
2020-11-23 11:36:23,104  INFO [main] (org.springframework.web.context.ContextLoader::) - Root WebApplicationContext: initialization completed in 4306 ms
2020-11-23 11:36:23,484  INFO [main] (org.springframework.scheduling.concurrent.ThreadPoolTaskExecutor::) - Initializing ExecutorService 'applicationTaskExecutor'
2020-11-23 11:36:23,888  INFO [main] (org.apache.coyote.http11.Http11NioProtocol::) - Starting ProtocolHandler ["http-nio-8924"]
2020-11-23 11:36:23,943  INFO [main] (org.springframework.boot.web.embedded.tomcat.TomcatWebServer::) - Tomcat started on port(s): 8924 (http) with context path ''
2020-11-23 11:36:23,949  INFO [main] (com.hzz.hzzjdbc.HzzjdbcApplication:logStarted:59) - Started HzzjdbcApplication in 6.11 seconds (JVM running for 14.863)
2020-11-23 11:39:21,602  INFO [main] (com.hzz.hzzjdbc.HzzjdbcApplication:logStarting:50) - Starting HzzjdbcApplication on DESKTOP-I0L1KHS with PID 9664 (D:\hzzmysoft\myspace\hzzjdbc\target\classes started by fxft in D:\hzzmysoft\myspace\hzzjdbc)
2020-11-23 11:39:21,619  INFO [main] (com.hzz.hzzjdbc.HzzjdbcApplication:logStartupProfileInfo:648) - No active profile set, falling back to default profiles: default
2020-11-23 11:39:23,009  INFO [main] (org.springframework.context.support.PostProcessorRegistrationDelegate$BeanPostProcessorChecker::) - Bean 'mostDataProcessConfig' of type [com.hzz.hzzjdbc.jdbcutil.config.mostdatasourceconfig.MostDataProcessConfig$$EnhancerBySpringCGLIB$$f4b2bc73] is not eligible for getting processed by all BeanPostProcessors (for example: not eligible for auto-proxying)
2020-11-23 11:39:23,024  INFO [main] (org.springframework.context.support.PostProcessorRegistrationDelegate$BeanPostProcessorChecker::) - Bean 'org.springframework.transaction.annotation.ProxyTransactionManagementConfiguration' of type [org.springframework.transaction.annotation.ProxyTransactionManagementConfiguration$$EnhancerBySpringCGLIB$$8a1d87b5] is not eligible for getting processed by all BeanPostProcessors (for example: not eligible for auto-proxying)
2020-11-23 11:39:30,117  INFO [main] (org.springframework.context.support.PostProcessorRegistrationDelegate$BeanPostProcessorChecker::) - Bean 'com.hzz.hzzjdbc.jdbcutil.config.DaoAutoConfiguration' of type [com.hzz.hzzjdbc.jdbcutil.config.DaoAutoConfiguration$$EnhancerBySpringCGLIB$$34ee4908] is not eligible for getting processed by all BeanPostProcessors (for example: not eligible for auto-proxying)
2020-11-23 11:39:30,266  INFO [main] (org.springframework.context.support.PostProcessorRegistrationDelegate$BeanPostProcessorChecker::) - Bean 'getDataSourcedefault' of type [com.hzz.hzzjdbc.jdbcutil.config.DataSourceVo] is not eligible for getting processed by all BeanPostProcessors (for example: not eligible for auto-proxying)
2020-11-23 11:39:30,303  INFO [main] (com.hzz.hzzjdbc.jdbcutil.config.DaoAutoConfiguration:createhzzSpringJdbcUtil:39) - jdbc:mysql://127.0.0.1:3306/hzzdata?serverTimezone=GMT%2B8&useUnicode=true&characterEncoding=utf-8主数据库成功,url=jdbc:mysql://127.0.0.1:3306/hzzdata?serverTimezone=GMT%2B8&useUnicode=true&characterEncoding=utf-8
2020-11-23 11:39:30,312  INFO [main] (org.springframework.context.support.PostProcessorRegistrationDelegate$BeanPostProcessorChecker::) - Bean 'createhzzSpringJdbcUtil' of type [com.hzz.hzzjdbc.jdbcutil.dbmain.Mysqldb] is not eligible for getting processed by all BeanPostProcessors (for example: not eligible for auto-proxying)
2020-11-23 11:39:30,352  INFO [main] (org.springframework.context.support.PostProcessorRegistrationDelegate$BeanPostProcessorChecker::) - Bean 'mostConnectTransactionalTest' of type [com.hzz.hzzjdbc.service.事务测试.MostConnectTransactionalTest] is not eligible for getting processed by all BeanPostProcessors (for example: not eligible for auto-proxying)
2020-11-23 11:41:40,377  INFO [main] (com.zaxxer.hikari.HikariDataSource::) - HikariPool-1 - Starting...
2020-11-23 11:41:40,633  INFO [main] (com.zaxxer.hikari.HikariDataSource::) - HikariPool-1 - Start completed.
2020-11-23 11:41:40,654  INFO [main] (org.springframework.context.support.PostProcessorRegistrationDelegate$BeanPostProcessorChecker::) - Bean 'test' of type [com.hzz.hzzjdbc.service.事务测试.test] is not eligible for getting processed by all BeanPostProcessors (for example: not eligible for auto-proxying)
2020-11-23 11:41:40,988  INFO [main] (org.springframework.boot.web.embedded.tomcat.TomcatWebServer::) - Tomcat initialized with port(s): 8924 (http)
2020-11-23 11:41:41,010  INFO [main] (org.apache.coyote.http11.Http11NioProtocol::) - Initializing ProtocolHandler ["http-nio-8924"]
2020-11-23 11:41:41,019  INFO [main] (org.apache.catalina.core.StandardService::) - Starting service [Tomcat]
2020-11-23 11:41:41,020  INFO [main] (org.apache.catalina.core.StandardEngine::) - Starting Servlet engine: [Apache Tomcat/9.0.27]
2020-11-23 11:41:41,300  INFO [main] (org.apache.catalina.core.ContainerBase.[Tomcat].[localhost].[/]::) - Initializing Spring embedded WebApplicationContext
2020-11-23 11:41:41,301  INFO [main] (org.springframework.web.context.ContextLoader::) - Root WebApplicationContext: initialization completed in 139375 ms
2020-11-23 11:41:41,576  INFO [main] (org.springframework.scheduling.concurrent.ThreadPoolTaskExecutor::) - Initializing ExecutorService 'applicationTaskExecutor'
2020-11-23 11:41:41,817  INFO [main] (org.apache.coyote.http11.Http11NioProtocol::) - Starting ProtocolHandler ["http-nio-8924"]
2020-11-23 11:41:41,847  INFO [main] (org.springframework.boot.web.embedded.tomcat.TomcatWebServer::) - Tomcat started on port(s): 8924 (http) with context path ''
2020-11-23 11:41:41,851  INFO [main] (com.hzz.hzzjdbc.HzzjdbcApplication:logStarted:59) - Started HzzjdbcApplication in 140.892 seconds (JVM running for 144.178)
2020-11-23 11:43:52,457  INFO [main] (com.hzz.hzzjdbc.HzzjdbcApplication:logStarting:50) - Starting HzzjdbcApplication on DESKTOP-I0L1KHS with PID 12140 (D:\hzzmysoft\myspace\hzzjdbc\target\classes started by fxft in D:\hzzmysoft\myspace\hzzjdbc)
2020-11-23 11:43:52,465  INFO [main] (com.hzz.hzzjdbc.HzzjdbcApplication:logStartupProfileInfo:648) - No active profile set, falling back to default profiles: default
2020-11-23 11:43:53,568  INFO [main] (org.springframework.context.support.PostProcessorRegistrationDelegate$BeanPostProcessorChecker::) - Bean 'mostDataProcessConfig' of type [com.hzz.hzzjdbc.jdbcutil.config.mostdatasourceconfig.MostDataProcessConfig$$EnhancerBySpringCGLIB$$3e71ebc3] is not eligible for getting processed by all BeanPostProcessors (for example: not eligible for auto-proxying)
2020-11-23 11:43:53,583  INFO [main] (org.springframework.context.support.PostProcessorRegistrationDelegate$BeanPostProcessorChecker::) - Bean 'org.springframework.transaction.annotation.ProxyTransactionManagementConfiguration' of type [org.springframework.transaction.annotation.ProxyTransactionManagementConfiguration$$EnhancerBySpringCGLIB$$d3dcb705] is not eligible for getting processed by all BeanPostProcessors (for example: not eligible for auto-proxying)
2020-11-23 11:43:53,712  INFO [main] (org.springframework.context.support.PostProcessorRegistrationDelegate$BeanPostProcessorChecker::) - Bean 'com.hzz.hzzjdbc.jdbcutil.config.DaoAutoConfiguration' of type [com.hzz.hzzjdbc.jdbcutil.config.DaoAutoConfiguration$$EnhancerBySpringCGLIB$$7ead7858] is not eligible for getting processed by all BeanPostProcessors (for example: not eligible for auto-proxying)
2020-11-23 11:43:53,744  INFO [main] (org.springframework.context.support.PostProcessorRegistrationDelegate$BeanPostProcessorChecker::) - Bean 'getDataSourcedefault' of type [com.hzz.hzzjdbc.jdbcutil.config.DataSourceVo] is not eligible for getting processed by all BeanPostProcessors (for example: not eligible for auto-proxying)
2020-11-23 11:43:53,760  INFO [main] (com.hzz.hzzjdbc.jdbcutil.config.DaoAutoConfiguration:createhzzSpringJdbcUtil:39) - jdbc:mysql://127.0.0.1:3306/hzzdata?serverTimezone=GMT%2B8&useUnicode=true&characterEncoding=utf-8主数据库成功,url=jdbc:mysql://127.0.0.1:3306/hzzdata?serverTimezone=GMT%2B8&useUnicode=true&characterEncoding=utf-8
2020-11-23 11:50:37,526  INFO [main] (com.hzz.hzzjdbc.HzzjdbcApplication:logStarting:50) - Starting HzzjdbcApplication on DESKTOP-I0L1KHS with PID 12860 (D:\hzzmysoft\myspace\hzzjdbc\target\classes started by fxft in D:\hzzmysoft\myspace\hzzjdbc)
2020-11-23 11:50:37,533  INFO [main] (com.hzz.hzzjdbc.HzzjdbcApplication:logStartupProfileInfo:648) - No active profile set, falling back to default profiles: default
2020-11-23 11:50:39,182  INFO [main] (org.springframework.boot.web.embedded.tomcat.TomcatWebServer::) - Tomcat initialized with port(s): 8924 (http)
2020-11-23 11:50:39,236  INFO [main] (org.apache.coyote.http11.Http11NioProtocol::) - Initializing ProtocolHandler ["http-nio-8924"]
2020-11-23 11:50:39,270  INFO [main] (org.apache.catalina.core.StandardService::) - Starting service [Tomcat]
2020-11-23 11:50:39,273  INFO [main] (org.apache.catalina.core.StandardEngine::) - Starting Servlet engine: [Apache Tomcat/9.0.27]
2020-11-23 11:50:39,635  INFO [main] (org.apache.catalina.core.ContainerBase.[Tomcat].[localhost].[/]::) - Initializing Spring embedded WebApplicationContext
2020-11-23 11:50:39,636  INFO [main] (org.springframework.web.context.ContextLoader::) - Root WebApplicationContext: initialization completed in 1952 ms
2020-11-23 11:50:39,784  INFO [main] (com.hzz.hzzjdbc.jdbcutil.config.DaoAutoConfiguration:createhzzSpringJdbcUtil:39) - jdbc:mysql://127.0.0.1:3306/hzzdata?serverTimezone=GMT%2B8&useUnicode=true&characterEncoding=utf-8主数据库成功,url=jdbc:mysql://127.0.0.1:3306/hzzdata?serverTimezone=GMT%2B8&useUnicode=true&characterEncoding=utf-8
2020-11-23 11:50:39,820  INFO [main] (com.zaxxer.hikari.HikariDataSource::) - HikariPool-1 - Starting...
2020-11-23 11:50:40,130  INFO [main] (com.zaxxer.hikari.HikariDataSource::) - HikariPool-1 - Start completed.
2020-11-23 11:50:40,349  INFO [main] (org.springframework.scheduling.concurrent.ThreadPoolTaskExecutor::) - Initializing ExecutorService 'applicationTaskExecutor'
2020-11-23 11:50:40,669  INFO [main] (org.apache.coyote.http11.Http11NioProtocol::) - Starting ProtocolHandler ["http-nio-8924"]
2020-11-23 11:50:40,707  INFO [main] (org.springframework.boot.web.embedded.tomcat.TomcatWebServer::) - Tomcat started on port(s): 8924 (http) with context path ''
2020-11-23 11:50:40,714  INFO [main] (com.hzz.hzzjdbc.HzzjdbcApplication:logStarted:59) - Started HzzjdbcApplication in 3.607 seconds (JVM running for 5.695)
2020-11-23 11:54:12,077  INFO [main] (com.hzz.hzzjdbc.HzzjdbcApplication:logStarting:50) - Starting HzzjdbcApplication on DESKTOP-I0L1KHS with PID 12284 (D:\hzzmysoft\myspace\hzzjdbc\target\classes started by fxft in D:\hzzmysoft\myspace\hzzjdbc)
2020-11-23 11:54:12,084  INFO [main] (com.hzz.hzzjdbc.HzzjdbcApplication:logStartupProfileInfo:648) - No active profile set, falling back to default profiles: default
2020-11-23 11:54:13,326  INFO [main] (org.springframework.boot.web.embedded.tomcat.TomcatWebServer::) - Tomcat initialized with port(s): 8924 (http)
2020-11-23 11:54:13,347  INFO [main] (org.apache.coyote.http11.Http11NioProtocol::) - Initializing ProtocolHandler ["http-nio-8924"]
2020-11-23 11:54:13,357  INFO [main] (org.apache.catalina.core.StandardService::) - Starting service [Tomcat]
2020-11-23 11:54:13,357  INFO [main] (org.apache.catalina.core.StandardEngine::) - Starting Servlet engine: [Apache Tomcat/9.0.27]
2020-11-23 11:54:13,474  INFO [main] (org.apache.catalina.core.ContainerBase.[Tomcat].[localhost].[/]::) - Initializing Spring embedded WebApplicationContext
2020-11-23 11:54:13,475  INFO [main] (org.springframework.web.context.ContextLoader::) - Root WebApplicationContext: initialization completed in 1222 ms
2020-11-23 11:54:13,604  INFO [main] (com.hzz.hzzjdbc.jdbcutil.config.DaoAutoConfiguration:createhzzSpringJdbcUtil:39) - jdbc:mysql://127.0.0.1:3306/hzzdata?serverTimezone=GMT%2B8&useUnicode=true&characterEncoding=utf-8主数据库成功,url=jdbc:mysql://127.0.0.1:3306/hzzdata?serverTimezone=GMT%2B8&useUnicode=true&characterEncoding=utf-8
2020-11-23 11:54:13,639  INFO [main] (com.zaxxer.hikari.HikariDataSource::) - HikariPool-1 - Starting...
2020-11-23 11:54:13,917  INFO [main] (com.zaxxer.hikari.HikariDataSource::) - HikariPool-1 - Start completed.
2020-11-23 11:54:14,125  INFO [main] (org.springframework.scheduling.concurrent.ThreadPoolTaskExecutor::) - Initializing ExecutorService 'applicationTaskExecutor'
2020-11-23 11:54:14,353  INFO [main] (org.apache.coyote.http11.Http11NioProtocol::) - Starting ProtocolHandler ["http-nio-8924"]
2020-11-23 11:54:14,379  INFO [main] (org.springframework.boot.web.embedded.tomcat.TomcatWebServer::) - Tomcat started on port(s): 8924 (http) with context path ''
2020-11-23 11:54:14,383  INFO [main] (com.hzz.hzzjdbc.HzzjdbcApplication:logStarted:59) - Started HzzjdbcApplication in 2.701 seconds (JVM running for 4.895)
2020-11-23 11:59:12,453  INFO [main] (com.hzz.hzzjdbc.HzzjdbcApplication:logStarting:50) - Starting HzzjdbcApplication on DESKTOP-I0L1KHS with PID 12188 (D:\hzzmysoft\myspace\hzzjdbc\target\classes started by fxft in D:\hzzmysoft\myspace\hzzjdbc)
2020-11-23 11:59:12,464  INFO [main] (com.hzz.hzzjdbc.HzzjdbcApplication:logStartupProfileInfo:648) - No active profile set, falling back to default profiles: default
2020-11-23 11:59:13,827  INFO [main] (org.springframework.boot.web.embedded.tomcat.TomcatWebServer::) - Tomcat initialized with port(s): 8924 (http)
2020-11-23 11:59:13,847  INFO [main] (org.apache.coyote.http11.Http11NioProtocol::) - Initializing ProtocolHandler ["http-nio-8924"]
2020-11-23 11:59:13,856  INFO [main] (org.apache.catalina.core.StandardService::) - Starting service [Tomcat]
2020-11-23 11:59:13,857  INFO [main] (org.apache.catalina.core.StandardEngine::) - Starting Servlet engine: [Apache Tomcat/9.0.27]
2020-11-23 11:59:13,988  INFO [main] (org.apache.catalina.core.ContainerBase.[Tomcat].[localhost].[/]::) - Initializing Spring embedded WebApplicationContext
2020-11-23 11:59:13,989  INFO [main] (org.springframework.web.context.ContextLoader::) - Root WebApplicationContext: initialization completed in 1367 ms
2020-11-23 11:59:14,119  INFO [main] (com.hzz.hzzjdbc.jdbcutil.config.DaoAutoConfiguration:createhzzSpringJdbcUtil:39) - jdbc:mysql://127.0.0.1:3306/hzzdata?serverTimezone=GMT%2B8&useUnicode=true&characterEncoding=utf-8主数据库成功,url=jdbc:mysql://127.0.0.1:3306/hzzdata?serverTimezone=GMT%2B8&useUnicode=true&characterEncoding=utf-8
2020-11-23 11:59:14,160  INFO [main] (com.zaxxer.hikari.HikariDataSource::) - HikariPool-1 - Starting...
2020-11-23 11:59:14,518  INFO [main] (com.zaxxer.hikari.HikariDataSource::) - HikariPool-1 - Start completed.
2020-11-23 11:59:14,790  INFO [main] (org.springframework.scheduling.concurrent.ThreadPoolTaskExecutor::) - Initializing ExecutorService 'applicationTaskExecutor'
2020-11-23 11:59:15,018  INFO [main] (org.apache.coyote.http11.Http11NioProtocol::) - Starting ProtocolHandler ["http-nio-8924"]
2020-11-23 11:59:15,045  INFO [main] (org.springframework.boot.web.embedded.tomcat.TomcatWebServer::) - Tomcat started on port(s): 8924 (http) with context path ''
2020-11-23 11:59:15,048  INFO [main] (com.hzz.hzzjdbc.HzzjdbcApplication:logStarted:59) - Started HzzjdbcApplication in 3.068 seconds (JVM running for 5.494)
2020-11-23 12:00:32,260  INFO [main] (com.hzz.hzzjdbc.HzzjdbcApplication:logStarting:50) - Starting HzzjdbcApplication on DESKTOP-I0L1KHS with PID 3968 (D:\hzzmysoft\myspace\hzzjdbc\target\classes started by fxft in D:\hzzmysoft\myspace\hzzjdbc)
2020-11-23 12:00:32,267  INFO [main] (com.hzz.hzzjdbc.HzzjdbcApplication:logStartupProfileInfo:648) - No active profile set, falling back to default profiles: default
2020-11-23 12:00:33,483  INFO [main] (org.springframework.boot.web.embedded.tomcat.TomcatWebServer::) - Tomcat initialized with port(s): 8924 (http)
2020-11-23 12:00:33,503  INFO [main] (org.apache.coyote.http11.Http11NioProtocol::) - Initializing ProtocolHandler ["http-nio-8924"]
2020-11-23 12:00:33,512  INFO [main] (org.apache.catalina.core.StandardService::) - Starting service [Tomcat]
2020-11-23 12:00:33,513  INFO [main] (org.apache.catalina.core.StandardEngine::) - Starting Servlet engine: [Apache Tomcat/9.0.27]
2020-11-23 12:00:33,646  INFO [main] (org.apache.catalina.core.ContainerBase.[Tomcat].[localhost].[/]::) - Initializing Spring embedded WebApplicationContext
2020-11-23 12:00:33,647  INFO [main] (org.springframework.web.context.ContextLoader::) - Root WebApplicationContext: initialization completed in 1241 ms
2020-11-23 12:00:33,768  INFO [main] (com.hzz.hzzjdbc.jdbcutil.config.DaoAutoConfiguration:createhzzSpringJdbcUtil:39) - jdbc:mysql://127.0.0.1:3306/hzzdata?serverTimezone=GMT%2B8&useUnicode=true&characterEncoding=utf-8主数据库成功,url=jdbc:mysql://127.0.0.1:3306/hzzdata?serverTimezone=GMT%2B8&useUnicode=true&characterEncoding=utf-8
2020-11-23 12:00:33,804  INFO [main] (com.zaxxer.hikari.HikariDataSource::) - HikariPool-1 - Starting...
2020-11-23 12:00:34,098  INFO [main] (com.zaxxer.hikari.HikariDataSource::) - HikariPool-1 - Start completed.
2020-11-23 12:00:34,311  INFO [main] (org.springframework.scheduling.concurrent.ThreadPoolTaskExecutor::) - Initializing ExecutorService 'applicationTaskExecutor'
2020-11-23 12:00:34,546  INFO [main] (org.apache.coyote.http11.Http11NioProtocol::) - Starting ProtocolHandler ["http-nio-8924"]
2020-11-23 12:00:34,577  INFO [main] (org.springframework.boot.web.embedded.tomcat.TomcatWebServer::) - Tomcat started on port(s): 8924 (http) with context path ''
2020-11-23 12:00:34,580  INFO [main] (com.hzz.hzzjdbc.HzzjdbcApplication:logStarted:59) - Started HzzjdbcApplication in 2.683 seconds (JVM running for 5.161)
2020-11-23 13:43:57,040  INFO [main] (com.hzz.hzzjdbc.HzzjdbcApplication:logStarting:50) - Starting HzzjdbcApplication on DESKTOP-I0L1KHS with PID 12508 (D:\hzzmysoft\myspace\hzzjdbc\target\classes started by fxft in D:\hzzmysoft\myspace\hzzjdbc)
2020-11-23 13:43:57,047  INFO [main] (com.hzz.hzzjdbc.HzzjdbcApplication:logStartupProfileInfo:648) - No active profile set, falling back to default profiles: default
2020-11-23 13:43:58,643  INFO [main] (org.springframework.boot.web.embedded.tomcat.TomcatWebServer::) - Tomcat initialized with port(s): 8924 (http)
2020-11-23 13:43:58,669  INFO [main] (org.apache.coyote.http11.Http11NioProtocol::) - Initializing ProtocolHandler ["http-nio-8924"]
2020-11-23 13:43:58,687  INFO [main] (org.apache.catalina.core.StandardService::) - Starting service [Tomcat]
2020-11-23 13:43:58,688  INFO [main] (org.apache.catalina.core.StandardEngine::) - Starting Servlet engine: [Apache Tomcat/9.0.27]
2020-11-23 13:43:58,930  INFO [main] (org.apache.catalina.core.ContainerBase.[Tomcat].[localhost].[/]::) - Initializing Spring embedded WebApplicationContext
2020-11-23 13:43:58,931  INFO [main] (org.springframework.web.context.ContextLoader::) - Root WebApplicationContext: initialization completed in 1730 ms
2020-11-23 13:43:59,118  INFO [main] (com.hzz.hzzjdbc.jdbcutil.config.DaoAutoConfiguration:createhzzSpringJdbcUtil:39) - jdbc:mysql://127.0.0.1:3306/hzzdata?serverTimezone=GMT%2B8&useUnicode=true&characterEncoding=utf-8主数据库成功,url=jdbc:mysql://127.0.0.1:3306/hzzdata?serverTimezone=GMT%2B8&useUnicode=true&characterEncoding=utf-8
2020-11-23 13:43:59,209  INFO [main] (com.zaxxer.hikari.HikariDataSource::) - HikariPool-1 - Starting...
2020-11-23 13:43:59,581  INFO [main] (com.zaxxer.hikari.HikariDataSource::) - HikariPool-1 - Start completed.
2020-11-23 13:43:59,837  INFO [main] (org.springframework.scheduling.concurrent.ThreadPoolTaskExecutor::) - Initializing ExecutorService 'applicationTaskExecutor'
2020-11-23 13:44:00,076  INFO [main] (org.apache.coyote.http11.Http11NioProtocol::) - Starting ProtocolHandler ["http-nio-8924"]
2020-11-23 13:44:00,101  INFO [main] (org.springframework.boot.web.embedded.tomcat.TomcatWebServer::) - Tomcat started on port(s): 8924 (http) with context path ''
2020-11-23 13:44:00,104  INFO [main] (com.hzz.hzzjdbc.HzzjdbcApplication:logStarted:59) - Started HzzjdbcApplication in 3.539 seconds (JVM running for 5.517)
2020-11-23 14:27:43,369  INFO [main] (com.hzz.hzzjdbc.HzzjdbcApplication:logStarting:50) - Starting HzzjdbcApplication on DESKTOP-I0L1KHS with PID 14316 (D:\hzzmysoft\myspace\hzzjdbc\target\classes started by fxft in D:\hzzmysoft\myspace\hzzjdbc)
2020-11-23 14:27:43,377  INFO [main] (com.hzz.hzzjdbc.HzzjdbcApplication:logStartupProfileInfo:648) - No active profile set, falling back to default profiles: default
2020-11-23 14:27:44,891  INFO [main] (org.springframework.boot.web.embedded.tomcat.TomcatWebServer::) - Tomcat initialized with port(s): 8924 (http)
2020-11-23 14:27:44,943  INFO [main] (org.apache.coyote.http11.Http11NioProtocol::) - Initializing ProtocolHandler ["http-nio-8924"]
2020-11-23 14:27:44,954  INFO [main] (org.apache.catalina.core.StandardService::) - Starting service [Tomcat]
2020-11-23 14:27:44,955  INFO [main] (org.apache.catalina.core.StandardEngine::) - Starting Servlet engine: [Apache Tomcat/9.0.27]
2020-11-23 14:27:45,080  INFO [main] (org.apache.catalina.core.ContainerBase.[Tomcat].[localhost].[/]::) - Initializing Spring embedded WebApplicationContext
2020-11-23 14:27:45,081  INFO [main] (org.springframework.web.context.ContextLoader::) - Root WebApplicationContext: initialization completed in 1547 ms
2020-11-23 14:27:45,216  INFO [main] (com.hzz.hzzjdbc.jdbcutil.config.DaoAutoConfiguration:createhzzSpringJdbcUtil:39) - jdbc:mysql://127.0.0.1:3306/hzzdata?serverTimezone=GMT%2B8&useUnicode=true&characterEncoding=utf-8主数据库成功,url=jdbc:mysql://127.0.0.1:3306/hzzdata?serverTimezone=GMT%2B8&useUnicode=true&characterEncoding=utf-8
2020-11-23 14:27:45,248  INFO [main] (com.zaxxer.hikari.HikariDataSource::) - HikariPool-1 - Starting...
2020-11-23 14:27:45,575  INFO [main] (com.zaxxer.hikari.HikariDataSource::) - HikariPool-1 - Start completed.
2020-11-23 14:27:45,858  INFO [main] (org.springframework.scheduling.concurrent.ThreadPoolTaskExecutor::) - Initializing ExecutorService 'applicationTaskExecutor'
2020-11-23 14:27:46,172  INFO [main] (org.apache.coyote.http11.Http11NioProtocol::) - Starting ProtocolHandler ["http-nio-8924"]
2020-11-23 14:27:46,201  INFO [main] (org.springframework.boot.web.embedded.tomcat.TomcatWebServer::) - Tomcat started on port(s): 8924 (http) with context path ''
2020-11-23 14:27:46,209  INFO [main] (com.hzz.hzzjdbc.HzzjdbcApplication:logStarted:59) - Started HzzjdbcApplication in 3.295 seconds (JVM running for 6.115)
2020-11-23 14:42:55,496  INFO [main] (com.hzz.hzzjdbc.HzzjdbcApplication:logStarting:50) - Starting HzzjdbcApplication on DESKTOP-I0L1KHS with PID 2368 (D:\hzzmysoft\myspace\hzzjdbc\target\classes started by fxft in D:\hzzmysoft\myspace\hzzjdbc)
2020-11-23 14:42:55,506  INFO [main] (com.hzz.hzzjdbc.HzzjdbcApplication:logStartupProfileInfo:648) - No active profile set, falling back to default profiles: default
2020-11-23 14:43:49,561  INFO [main] (com.hzz.hzzjdbc.HzzjdbcApplication:logStarting:50) - Starting HzzjdbcApplication on DESKTOP-I0L1KHS with PID 14184 (D:\hzzmysoft\myspace\hzzjdbc\target\classes started by fxft in D:\hzzmysoft\myspace\hzzjdbc)
2020-11-23 14:43:49,577  INFO [main] (com.hzz.hzzjdbc.HzzjdbcApplication:logStartupProfileInfo:648) - No active profile set, falling back to default profiles: default
2020-11-23 14:44:37,774  INFO [main] (com.hzz.hzzjdbc.HzzjdbcApplication:logStarting:50) - Starting HzzjdbcApplication on DESKTOP-I0L1KHS with PID 10864 (D:\hzzmysoft\myspace\hzzjdbc\target\classes started by fxft in D:\hzzmysoft\myspace\hzzjdbc)
2020-11-23 14:44:37,793  INFO [main] (com.hzz.hzzjdbc.HzzjdbcApplication:logStartupProfileInfo:648) - No active profile set, falling back to default profiles: default
2020-11-23 14:46:32,569  INFO [main] (com.hzz.hzzjdbc.HzzjdbcApplication:logStarting:50) - Starting HzzjdbcApplication on DESKTOP-I0L1KHS with PID 11840 (D:\hzzmysoft\myspace\hzzjdbc\target\classes started by fxft in D:\hzzmysoft\myspace\hzzjdbc)
2020-11-23 14:46:32,577  INFO [main] (com.hzz.hzzjdbc.HzzjdbcApplication:logStartupProfileInfo:648) - No active profile set, falling back to default profiles: default
2020-11-23 14:46:35,857  INFO [main] (org.springframework.boot.web.embedded.tomcat.TomcatWebServer::) - Tomcat initialized with port(s): 8924 (http)
2020-11-23 14:46:35,920  INFO [main] (org.apache.coyote.http11.Http11NioProtocol::) - Initializing ProtocolHandler ["http-nio-8924"]
2020-11-23 14:46:35,960  INFO [main] (org.apache.catalina.core.StandardService::) - Starting service [Tomcat]
2020-11-23 14:46:35,984  INFO [main] (org.apache.catalina.core.StandardEngine::) - Starting Servlet engine: [Apache Tomcat/9.0.27]
2020-11-23 14:46:36,296  INFO [main] (org.apache.catalina.core.ContainerBase.[Tomcat].[localhost].[/]::) - Initializing Spring embedded WebApplicationContext
2020-11-23 14:46:36,298  INFO [main] (org.springframework.web.context.ContextLoader::) - Root WebApplicationContext: initialization completed in 3584 ms
2020-11-23 14:46:36,561  INFO [main] (com.hzz.hzzjdbc.jdbcutil.config.DaoAutoConfiguration:createhzzSpringJdbcUtil:47) - jdbc:mysql://127.0.0.1:3306/hzzdata?serverTimezone=GMT%2B8&useUnicode=true&characterEncoding=utf-8主数据库成功,url=jdbc:mysql://127.0.0.1:3306/hzzdata?serverTimezone=GMT%2B8&useUnicode=true&characterEncoding=utf-8
2020-11-23 14:46:36,611  INFO [main] (com.hzz.hzzjdbc.jdbcutil.config.DaoAutoConfiguration:createhzzSpringJdbcUtil2:60) - jdbc:mysql://172.16.8.96:3306/subiaodb?autoReconnect=true&characterEncoding=utf-8&zeroDateTimeBehavior=convertToNull&rewriteBatchedStatements=true&useSSL=false数据库成功,url=jdbc:mysql://172.16.8.96:3306/subiaodb?autoReconnect=true&characterEncoding=utf-8&zeroDateTimeBehavior=convertToNull&rewriteBatchedStatements=true&useSSL=false
2020-11-23 14:46:36,633  INFO [main] (com.hzz.hzzjdbc.jdbcutil.config.DaoAutoConfiguration:createhzzSpringJdbcUtil3:73) - jdbc:mysql://172.16.15.95:61502/subiaodb?autoReconnect=true&characterEncoding=utf-8&zeroDateTimeBehavior=convertToNull&rewriteBatchedStatements=true&useSSL=false数据库成功,url=jdbc:mysql://172.16.15.95:61502/subiaodb?autoReconnect=true&characterEncoding=utf-8&zeroDateTimeBehavior=convertToNull&rewriteBatchedStatements=true&useSSL=false
2020-11-23 14:46:36,726  INFO [main] (com.zaxxer.hikari.HikariDataSource::) - HikariPool-1 - Starting...
2020-11-23 14:46:37,139  INFO [main] (com.zaxxer.hikari.HikariDataSource::) - HikariPool-1 - Start completed.
2020-11-23 14:46:37,169  INFO [main] (com.zaxxer.hikari.HikariDataSource::) - HikariPool-2 - Starting...
2020-11-23 14:46:37,189  INFO [main] (com.zaxxer.hikari.HikariDataSource::) - HikariPool-2 - Start completed.
2020-11-23 14:46:37,209  INFO [main] (com.zaxxer.hikari.HikariDataSource::) - HikariPool-3 - Starting...
2020-11-23 14:46:37,229  INFO [main] (com.zaxxer.hikari.HikariDataSource::) - HikariPool-3 - Start completed.
2020-11-23 14:46:38,906  INFO [main] (org.springframework.scheduling.concurrent.ThreadPoolTaskExecutor::) - Initializing ExecutorService 'applicationTaskExecutor'
2020-11-23 14:46:39,425  INFO [main] (org.apache.coyote.http11.Http11NioProtocol::) - Starting ProtocolHandler ["http-nio-8924"]
2020-11-23 14:46:39,481  INFO [main] (org.springframework.boot.web.embedded.tomcat.TomcatWebServer::) - Tomcat started on port(s): 8924 (http) with context path ''
2020-11-23 14:46:39,491  INFO [main] (com.hzz.hzzjdbc.HzzjdbcApplication:logStarted:59) - Started HzzjdbcApplication in 8.081 seconds (JVM running for 11.068)
2020-11-23 14:46:55,987  INFO [main] (com.hzz.hzzjdbc.HzzjdbcApplication:logStarting:50) - Starting HzzjdbcApplication on DESKTOP-I0L1KHS with PID 12116 (D:\hzzmysoft\myspace\hzzjdbc\target\classes started by fxft in D:\hzzmysoft\myspace\hzzjdbc)
2020-11-23 14:46:55,995  INFO [main] (com.hzz.hzzjdbc.HzzjdbcApplication:logStartupProfileInfo:648) - No active profile set, falling back to default profiles: default
2020-11-23 14:46:58,213  INFO [main] (org.springframework.boot.web.embedded.tomcat.TomcatWebServer::) - Tomcat initialized with port(s): 8924 (http)
2020-11-23 14:46:58,260  INFO [main] (org.apache.coyote.http11.Http11NioProtocol::) - Initializing ProtocolHandler ["http-nio-8924"]
2020-11-23 14:46:58,276  INFO [main] (org.apache.catalina.core.StandardService::) - Starting service [Tomcat]
2020-11-23 14:46:58,277  INFO [main] (org.apache.catalina.core.StandardEngine::) - Starting Servlet engine: [Apache Tomcat/9.0.27]
2020-11-23 14:46:58,511  INFO [main] (org.apache.catalina.core.ContainerBase.[Tomcat].[localhost].[/]::) - Initializing Spring embedded WebApplicationContext
2020-11-23 14:46:58,511  INFO [main] (org.springframework.web.context.ContextLoader::) - Root WebApplicationContext: initialization completed in 2438 ms
2020-11-23 14:47:01,541  INFO [main] (com.hzz.hzzjdbc.jdbcutil.config.DaoAutoConfiguration:createhzzSpringJdbcUtil:46) - jdbc:mysql://127.0.0.1:3306/hzzdata?serverTimezone=GMT%2B8&useUnicode=true&characterEncoding=utf-8主数据库成功,url=jdbc:mysql://127.0.0.1:3306/hzzdata?serverTimezone=GMT%2B8&useUnicode=true&characterEncoding=utf-8
2020-11-23 14:47:02,080  INFO [main] (com.hzz.hzzjdbc.jdbcutil.config.DaoAutoConfiguration:createhzzSpringJdbcUtil2:59) - jdbc:mysql://172.16.8.96:3306/subiaodb?autoReconnect=true&characterEncoding=utf-8&zeroDateTimeBehavior=convertToNull&rewriteBatchedStatements=true&useSSL=false数据库成功,url=jdbc:mysql://172.16.8.96:3306/subiaodb?autoReconnect=true&characterEncoding=utf-8&zeroDateTimeBehavior=convertToNull&rewriteBatchedStatements=true&useSSL=false
2020-11-23 14:47:06,230  INFO [main] (com.hzz.hzzjdbc.jdbcutil.config.DaoAutoConfiguration:createhzzSpringJdbcUtil3:72) - jdbc:mysql://172.16.15.95:61502/subiaodb?autoReconnect=true&characterEncoding=utf-8&zeroDateTimeBehavior=convertToNull&rewriteBatchedStatements=true&useSSL=false数据库成功,url=jdbc:mysql://172.16.15.95:61502/subiaodb?autoReconnect=true&characterEncoding=utf-8&zeroDateTimeBehavior=convertToNull&rewriteBatchedStatements=true&useSSL=false
2020-11-23 14:47:19,752  INFO [main] (com.hzz.hzzjdbc.HzzjdbcApplication:logStarting:50) - Starting HzzjdbcApplication on DESKTOP-I0L1KHS with PID 7768 (D:\hzzmysoft\myspace\hzzjdbc\target\classes started by fxft in D:\hzzmysoft\myspace\hzzjdbc)
2020-11-23 14:47:19,759  INFO [main] (com.hzz.hzzjdbc.HzzjdbcApplication:logStartupProfileInfo:648) - No active profile set, falling back to default profiles: default
2020-11-23 14:47:21,461  INFO [main] (org.springframework.boot.web.embedded.tomcat.TomcatWebServer::) - Tomcat initialized with port(s): 8924 (http)
2020-11-23 14:47:21,495  INFO [main] (org.apache.coyote.http11.Http11NioProtocol::) - Initializing ProtocolHandler ["http-nio-8924"]
2020-11-23 14:47:21,507  INFO [main] (org.apache.catalina.core.StandardService::) - Starting service [Tomcat]
2020-11-23 14:47:21,508  INFO [main] (org.apache.catalina.core.StandardEngine::) - Starting Servlet engine: [Apache Tomcat/9.0.27]
2020-11-23 14:47:21,639  INFO [main] (org.apache.catalina.core.ContainerBase.[Tomcat].[localhost].[/]::) - Initializing Spring embedded WebApplicationContext
2020-11-23 14:47:21,639  INFO [main] (org.springframework.web.context.ContextLoader::) - Root WebApplicationContext: initialization completed in 1678 ms
2020-11-23 14:47:23,654  INFO [main] (com.hzz.hzzjdbc.jdbcutil.config.DaoAutoConfiguration:createhzzSpringJdbcUtil:46) - jdbc:mysql://127.0.0.1:3306/hzzdata?serverTimezone=GMT%2B8&useUnicode=true&characterEncoding=utf-8主数据库成功,url=jdbc:mysql://127.0.0.1:3306/hzzdata?serverTimezone=GMT%2B8&useUnicode=true&characterEncoding=utf-8
2020-11-23 14:47:24,615  INFO [main] (com.hzz.hzzjdbc.jdbcutil.config.DaoAutoConfiguration:createhzzSpringJdbcUtil2:59) - jdbc:mysql://172.16.8.96:3306/subiaodb?autoReconnect=true&characterEncoding=utf-8&zeroDateTimeBehavior=convertToNull&rewriteBatchedStatements=true&useSSL=false数据库成功,url=jdbc:mysql://172.16.8.96:3306/subiaodb?autoReconnect=true&characterEncoding=utf-8&zeroDateTimeBehavior=convertToNull&rewriteBatchedStatements=true&useSSL=false
2020-11-23 14:47:56,402  INFO [main] (com.hzz.hzzjdbc.jdbcutil.config.DaoAutoConfiguration:createhzzSpringJdbcUtil3:72) - null数据库成功,url=null
2020-11-23 14:52:47,936  INFO [main] (com.hzz.hzzjdbc.HzzjdbcApplication:logStarting:50) - Starting HzzjdbcApplication on DESKTOP-I0L1KHS with PID 12652 (D:\hzzmysoft\myspace\hzzjdbc\target\classes started by fxft in D:\hzzmysoft\myspace\hzzjdbc)
2020-11-23 14:52:47,947  INFO [main] (com.hzz.hzzjdbc.HzzjdbcApplication:logStartupProfileInfo:648) - No active profile set, falling back to default profiles: default
2020-11-23 14:52:50,138  INFO [main] (org.springframework.boot.web.embedded.tomcat.TomcatWebServer::) - Tomcat initialized with port(s): 8924 (http)
2020-11-23 14:52:50,158  INFO [main] (org.apache.coyote.http11.Http11NioProtocol::) - Initializing ProtocolHandler ["http-nio-8924"]
2020-11-23 14:52:50,168  INFO [main] (org.apache.catalina.core.StandardService::) - Starting service [Tomcat]
2020-11-23 14:52:50,169  INFO [main] (org.apache.catalina.core.StandardEngine::) - Starting Servlet engine: [Apache Tomcat/9.0.27]
2020-11-23 14:52:50,338  INFO [main] (org.apache.catalina.core.ContainerBase.[Tomcat].[localhost].[/]::) - Initializing Spring embedded WebApplicationContext
2020-11-23 14:52:50,338  INFO [main] (org.springframework.web.context.ContextLoader::) - Root WebApplicationContext: initialization completed in 2313 ms
2020-11-23 14:52:50,480  INFO [main] (com.hzz.hzzjdbc.jdbcutil.config.DaoAutoConfiguration:createhzzSpringJdbcUtil:51) - jdbc:mysql://127.0.0.1:3306/hzzdata?serverTimezone=GMT%2B8&useUnicode=true&characterEncoding=utf-8主数据库成功,url=jdbc:mysql://127.0.0.1:3306/hzzdata?serverTimezone=GMT%2B8&useUnicode=true&characterEncoding=utf-8
2020-11-23 14:52:50,495  INFO [main] (com.hzz.hzzjdbc.jdbcutil.config.DaoAutoConfiguration:createhzzSpringJdbcUtil2:69) - jdbc:mysql://172.16.8.96:3306/subiaodb?autoReconnect=true&characterEncoding=utf-8&zeroDateTimeBehavior=convertToNull&rewriteBatchedStatements=true&useSSL=false数据库成功,url=jdbc:mysql://172.16.8.96:3306/subiaodb?autoReconnect=true&characterEncoding=utf-8&zeroDateTimeBehavior=convertToNull&rewriteBatchedStatements=true&useSSL=false
2020-11-23 15:23:04,946  INFO [main] (com.hzz.hzzjdbc.HzzjdbcApplication:logStarting:50) - Starting HzzjdbcApplication on DESKTOP-I0L1KHS with PID 12276 (D:\hzzmysoft\myspace\hzzjdbc\target\classes started by fxft in D:\hzzmysoft\myspace\hzzjdbc)
2020-11-23 15:23:04,952  INFO [main] (com.hzz.hzzjdbc.HzzjdbcApplication:logStartupProfileInfo:648) - No active profile set, falling back to default profiles: default
2020-11-23 15:25:31,647  INFO [main] (com.hzz.hzzjdbc.HzzjdbcApplication:logStarting:50) - Starting HzzjdbcApplication on DESKTOP-I0L1KHS with PID 13936 (D:\hzzmysoft\myspace\hzzjdbc\target\classes started by fxft in D:\hzzmysoft\myspace\hzzjdbc)
2020-11-23 15:25:31,654  INFO [main] (com.hzz.hzzjdbc.HzzjdbcApplication:logStartupProfileInfo:648) - No active profile set, falling back to default profiles: default
2020-11-23 15:27:29,506  INFO [main] (com.hzz.hzzjdbc.HzzjdbcApplication:logStarting:50) - Starting HzzjdbcApplication on DESKTOP-I0L1KHS with PID 13492 (D:\hzzmysoft\myspace\hzzjdbc\target\classes started by fxft in D:\hzzmysoft\myspace\hzzjdbc)
2020-11-23 15:27:29,516  INFO [main] (com.hzz.hzzjdbc.HzzjdbcApplication:logStartupProfileInfo:648) - No active profile set, falling back to default profiles: default
2020-11-23 15:27:31,966  INFO [main] (org.springframework.boot.web.embedded.tomcat.TomcatWebServer::) - Tomcat initialized with port(s): 8924 (http)
2020-11-23 15:27:31,991  INFO [main] (org.apache.coyote.http11.Http11NioProtocol::) - Initializing ProtocolHandler ["http-nio-8924"]
2020-11-23 15:27:32,001  INFO [main] (org.apache.catalina.core.StandardService::) - Starting service [Tomcat]
2020-11-23 15:27:32,001  INFO [main] (org.apache.catalina.core.StandardEngine::) - Starting Servlet engine: [Apache Tomcat/9.0.27]
2020-11-23 15:27:32,150  INFO [main] (org.apache.catalina.core.ContainerBase.[Tomcat].[localhost].[/]::) - Initializing Spring embedded WebApplicationContext
2020-11-23 15:27:32,150  INFO [main] (org.springframework.web.context.ContextLoader::) - Root WebApplicationContext: initialization completed in 2449 ms
2020-11-23 15:27:32,336  INFO [main] (com.hzz.hzzjdbc.jdbcutil.config.DaoAutoConfiguration:createhzzSpringJdbcUtil:43) - jdbc:mysql://127.0.0.1:3306/hzzdata?serverTimezone=GMT%2B8&useUnicode=true&characterEncoding=utf-8主数据库成功,url=jdbc:mysql://127.0.0.1:3306/hzzdata?serverTimezone=GMT%2B8&useUnicode=true&characterEncoding=utf-8
2020-11-23 15:27:32,347  INFO [main] (com.hzz.hzzjdbc.jdbcutil.config.DaoAutoConfiguration:createhzzSpringJdbcUtil2:61) - jdbc:mysql://172.16.8.96:3306/subiaodb?autoReconnect=true&characterEncoding=utf-8&zeroDateTimeBehavior=convertToNull&rewriteBatchedStatements=true&useSSL=false数据库成功,url=jdbc:mysql://172.16.8.96:3306/subiaodb?autoReconnect=true&characterEncoding=utf-8&zeroDateTimeBehavior=convertToNull&rewriteBatchedStatements=true&useSSL=false
2020-11-23 15:28:52,307  INFO [main] (com.hzz.hzzjdbc.HzzjdbcApplication:logStarting:50) - Starting HzzjdbcApplication on DESKTOP-I0L1KHS with PID 7128 (D:\hzzmysoft\myspace\hzzjdbc\target\classes started by fxft in D:\hzzmysoft\myspace\hzzjdbc)
2020-11-23 15:28:52,315  INFO [main] (com.hzz.hzzjdbc.HzzjdbcApplication:logStartupProfileInfo:648) - No active profile set, falling back to default profiles: default
2020-11-23 15:30:50,679  INFO [main] (com.hzz.hzzjdbc.HzzjdbcApplication:logStarting:50) - Starting HzzjdbcApplication on DESKTOP-I0L1KHS with PID 14184 (D:\hzzmysoft\myspace\hzzjdbc\target\classes started by fxft in D:\hzzmysoft\myspace\hzzjdbc)
2020-11-23 15:30:50,686  INFO [main] (com.hzz.hzzjdbc.HzzjdbcApplication:logStartupProfileInfo:648) - No active profile set, falling back to default profiles: default
2020-11-23 15:30:53,480  INFO [main] (org.springframework.boot.web.embedded.tomcat.TomcatWebServer::) - Tomcat initialized with port(s): 8924 (http)
2020-11-23 15:30:53,513  INFO [main] (org.apache.coyote.http11.Http11NioProtocol::) - Initializing ProtocolHandler ["http-nio-8924"]
2020-11-23 15:30:53,526  INFO [main] (org.apache.catalina.core.StandardService::) - Starting service [Tomcat]
2020-11-23 15:30:53,527  INFO [main] (org.apache.catalina.core.StandardEngine::) - Starting Servlet engine: [Apache Tomcat/9.0.27]
2020-11-23 15:30:53,834  INFO [main] (org.apache.catalina.core.ContainerBase.[Tomcat].[localhost].[/]::) - Initializing Spring embedded WebApplicationContext
2020-11-23 15:30:53,837  INFO [main] (org.springframework.web.context.ContextLoader::) - Root WebApplicationContext: initialization completed in 3069 ms
2020-11-23 15:30:54,250  INFO [main] (com.hzz.hzzjdbc.jdbcutil.config.DaoAutoConfiguration:createhzzSpringJdbcUtil:51) - jdbc:mysql://127.0.0.1:3306/hzzdata?serverTimezone=GMT%2B8&useUnicode=true&characterEncoding=utf-8主数据库成功,url=jdbc:mysql://127.0.0.1:3306/hzzdata?serverTimezone=GMT%2B8&useUnicode=true&characterEncoding=utf-8
2020-11-23 15:30:54,262  INFO [main] (com.hzz.hzzjdbc.jdbcutil.config.DaoAutoConfiguration:createhzzSpringJdbcUtil2:69) - jdbc:mysql://172.16.8.96:3306/subiaodb?autoReconnect=true&characterEncoding=utf-8&zeroDateTimeBehavior=convertToNull&rewriteBatchedStatements=true&useSSL=false数据库成功,url=jdbc:mysql://172.16.8.96:3306/subiaodb?autoReconnect=true&characterEncoding=utf-8&zeroDateTimeBehavior=convertToNull&rewriteBatchedStatements=true&useSSL=false
2020-11-23 15:31:14,889  INFO [main] (com.hzz.hzzjdbc.HzzjdbcApplication:logStarting:50) - Starting HzzjdbcApplication on DESKTOP-I0L1KHS with PID 14064 (D:\hzzmysoft\myspace\hzzjdbc\target\classes started by fxft in D:\hzzmysoft\myspace\hzzjdbc)
2020-11-23 15:31:14,896  INFO [main] (com.hzz.hzzjdbc.HzzjdbcApplication:logStartupProfileInfo:648) - No active profile set, falling back to default profiles: default
2020-11-23 15:31:16,701  INFO [main] (org.springframework.boot.web.embedded.tomcat.TomcatWebServer::) - Tomcat initialized with port(s): 8924 (http)
2020-11-23 15:31:16,738  INFO [main] (org.apache.coyote.http11.Http11NioProtocol::) - Initializing ProtocolHandler ["http-nio-8924"]
2020-11-23 15:31:16,748  INFO [main] (org.apache.catalina.core.StandardService::) - Starting service [Tomcat]
2020-11-23 15:31:16,749  INFO [main] (org.apache.catalina.core.StandardEngine::) - Starting Servlet engine: [Apache Tomcat/9.0.27]
2020-11-23 15:31:16,950  INFO [main] (org.apache.catalina.core.ContainerBase.[Tomcat].[localhost].[/]::) - Initializing Spring embedded WebApplicationContext
2020-11-23 15:31:16,951  INFO [main] (org.springframework.web.context.ContextLoader::) - Root WebApplicationContext: initialization completed in 1997 ms
2020-11-23 15:31:17,164  INFO [main] (com.hzz.hzzjdbc.jdbcutil.config.DaoAutoConfiguration:createhzzSpringJdbcUtil:51) - jdbc:mysql://127.0.0.1:3306/hzzdata?serverTimezone=GMT%2B8&useUnicode=true&characterEncoding=utf-8主数据库成功,url=jdbc:mysql://127.0.0.1:3306/hzzdata?serverTimezone=GMT%2B8&useUnicode=true&characterEncoding=utf-8
2020-11-23 15:31:17,177  INFO [main] (com.hzz.hzzjdbc.jdbcutil.config.DaoAutoConfiguration:createhzzSpringJdbcUtil2:69) - jdbc:mysql://172.16.8.96:3306/subiaodb?autoReconnect=true&characterEncoding=utf-8&zeroDateTimeBehavior=convertToNull&rewriteBatchedStatements=true&useSSL=false数据库成功,url=jdbc:mysql://172.16.8.96:3306/subiaodb?autoReconnect=true&characterEncoding=utf-8&zeroDateTimeBehavior=convertToNull&rewriteBatchedStatements=true&useSSL=false
2020-11-23 15:31:17,189  INFO [main] (com.hzz.hzzjdbc.jdbcutil.config.DaoAutoConfiguration:createhzzSpringJdbcUtil3:87) - jdbc:mysql://172.16.15.95:61502/subiaodb?autoReconnect=true&characterEncoding=utf-8&zeroDateTimeBehavior=convertToNull&rewriteBatchedStatements=true&useSSL=false数据库成功,url=jdbc:mysql://172.16.15.95:61502/subiaodb?autoReconnect=true&characterEncoding=utf-8&zeroDateTimeBehavior=convertToNull&rewriteBatchedStatements=true&useSSL=false
2020-11-23 15:32:38,539  INFO [main] (com.hzz.hzzjdbc.HzzjdbcApplication:logStarting:50) - Starting HzzjdbcApplication on DESKTOP-I0L1KHS with PID 10268 (D:\hzzmysoft\myspace\hzzjdbc\target\classes started by fxft in D:\hzzmysoft\myspace\hzzjdbc)
2020-11-23 15:32:38,546  INFO [main] (com.hzz.hzzjdbc.HzzjdbcApplication:logStartupProfileInfo:648) - No active profile set, falling back to default profiles: default
2020-11-23 15:33:19,065  INFO [main] (com.hzz.hzzjdbc.HzzjdbcApplication:logStarting:50) - Starting HzzjdbcApplication on DESKTOP-I0L1KHS with PID 14216 (D:\hzzmysoft\myspace\hzzjdbc\target\classes started by fxft in D:\hzzmysoft\myspace\hzzjdbc)
2020-11-23 15:33:19,138  INFO [main] (com.hzz.hzzjdbc.HzzjdbcApplication:logStartupProfileInfo:648) - No active profile set, falling back to default profiles: default
2020-11-23 15:34:05,558  INFO [main] (com.hzz.hzzjdbc.HzzjdbcApplication:logStarting:50) - Starting HzzjdbcApplication on DESKTOP-I0L1KHS with PID 11772 (D:\hzzmysoft\myspace\hzzjdbc\target\classes started by fxft in D:\hzzmysoft\myspace\hzzjdbc)
2020-11-23 15:34:05,565  INFO [main] (com.hzz.hzzjdbc.HzzjdbcApplication:logStartupProfileInfo:648) - No active profile set, falling back to default profiles: default
2020-11-23 15:34:07,494  INFO [main] (org.springframework.boot.web.embedded.tomcat.TomcatWebServer::) - Tomcat initialized with port(s): 8924 (http)
2020-11-23 15:34:07,535  INFO [main] (org.apache.coyote.http11.Http11NioProtocol::) - Initializing ProtocolHandler ["http-nio-8924"]
2020-11-23 15:34:07,549  INFO [main] (org.apache.catalina.core.StandardService::) - Starting service [Tomcat]
2020-11-23 15:34:07,552  INFO [main] (org.apache.catalina.core.StandardEngine::) - Starting Servlet engine: [Apache Tomcat/9.0.27]
2020-11-23 15:34:07,685  INFO [main] (org.apache.catalina.core.ContainerBase.[Tomcat].[localhost].[/]::) - Initializing Spring embedded WebApplicationContext
2020-11-23 15:34:07,685  INFO [main] (org.springframework.web.context.ContextLoader::) - Root WebApplicationContext: initialization completed in 1963 ms
2020-11-23 15:34:07,830  INFO [main] (com.hzz.hzzjdbc.jdbcutil.config.DaoAutoConfiguration:createhzzSpringJdbcUtil2:70) - jdbc:mysql://172.16.8.96:3306/subiaodb?autoReconnect=true&characterEncoding=utf-8&zeroDateTimeBehavior=convertToNull&rewriteBatchedStatements=true&useSSL=false数据库成功,url=jdbc:mysql://172.16.8.96:3306/subiaodb?autoReconnect=true&characterEncoding=utf-8&zeroDateTimeBehavior=convertToNull&rewriteBatchedStatements=true&useSSL=false
2020-11-23 15:34:56,109  INFO [main] (com.hzz.hzzjdbc.HzzjdbcApplication:logStarting:50) - Starting HzzjdbcApplication on DESKTOP-I0L1KHS with PID 11524 (D:\hzzmysoft\myspace\hzzjdbc\target\classes started by fxft in D:\hzzmysoft\myspace\hzzjdbc)
2020-11-23 15:34:56,116  INFO [main] (com.hzz.hzzjdbc.HzzjdbcApplication:logStartupProfileInfo:648) - No active profile set, falling back to default profiles: default
2020-11-23 15:34:57,619  INFO [main] (org.springframework.boot.web.embedded.tomcat.TomcatWebServer::) - Tomcat initialized with port(s): 8924 (http)
2020-11-23 15:34:57,646  INFO [main] (org.apache.coyote.http11.Http11NioProtocol::) - Initializing ProtocolHandler ["http-nio-8924"]
2020-11-23 15:34:57,657  INFO [main] (org.apache.catalina.core.StandardService::) - Starting service [Tomcat]
2020-11-23 15:34:57,658  INFO [main] (org.apache.catalina.core.StandardEngine::) - Starting Servlet engine: [Apache Tomcat/9.0.27]
2020-11-23 15:34:57,792  INFO [main] (org.apache.catalina.core.ContainerBase.[Tomcat].[localhost].[/]::) - Initializing Spring embedded WebApplicationContext
2020-11-23 15:34:57,792  INFO [main] (org.springframework.web.context.ContextLoader::) - Root WebApplicationContext: initialization completed in 1632 ms
2020-11-23 15:34:57,936  INFO [main] (com.hzz.hzzjdbc.jdbcutil.config.DaoAutoConfiguration:createhzzSpringJdbcUtil:51) - jdbc:mysql://127.0.0.1:3306/hzzdata?serverTimezone=GMT%2B8&useUnicode=true&characterEncoding=utf-8主数据库成功,url=jdbc:mysql://127.0.0.1:3306/hzzdata?serverTimezone=GMT%2B8&useUnicode=true&characterEncoding=utf-8
2020-11-23 15:34:57,947  INFO [main] (com.hzz.hzzjdbc.jdbcutil.config.DaoAutoConfiguration:createhzzSpringJdbcUtil2:69) - jdbc:mysql://172.16.8.96:3306/subiaodb?autoReconnect=true&characterEncoding=utf-8&zeroDateTimeBehavior=convertToNull&rewriteBatchedStatements=true&useSSL=false数据库成功,url=jdbc:mysql://172.16.8.96:3306/subiaodb?autoReconnect=true&characterEncoding=utf-8&zeroDateTimeBehavior=convertToNull&rewriteBatchedStatements=true&useSSL=false
2020-11-23 15:34:57,954  INFO [main] (com.hzz.hzzjdbc.jdbcutil.config.DaoAutoConfiguration:createhzzSpringJdbcUtil3:87) - jdbc:mysql://172.16.15.95:61502/subiaodb?autoReconnect=true&characterEncoding=utf-8&zeroDateTimeBehavior=convertToNull&rewriteBatchedStatements=true&useSSL=false数据库成功,url=jdbc:mysql://172.16.15.95:61502/subiaodb?autoReconnect=true&characterEncoding=utf-8&zeroDateTimeBehavior=convertToNull&rewriteBatchedStatements=true&useSSL=false
2020-11-23 15:34:57,964  INFO [main] (com.zaxxer.hikari.HikariDataSource::) - HikariPool-1 - Starting...
2020-11-23 15:34:58,145  INFO [main] (com.zaxxer.hikari.HikariDataSource::) - HikariPool-1 - Start completed.
2020-11-23 15:34:58,289  INFO [main] (com.zaxxer.hikari.HikariDataSource::) - HikariPool-2 - Starting...
2020-11-23 15:34:58,311  INFO [main] (com.zaxxer.hikari.HikariDataSource::) - HikariPool-2 - Start completed.
2020-11-23 15:34:58,313  INFO [main] (com.zaxxer.hikari.HikariDataSource::) - HikariPool-3 - Starting...
2020-11-23 15:34:58,336  INFO [main] (com.zaxxer.hikari.HikariDataSource::) - HikariPool-3 - Start completed.
2020-11-23 15:34:59,176  INFO [main] (org.springframework.scheduling.concurrent.ThreadPoolTaskExecutor::) - Initializing ExecutorService 'applicationTaskExecutor'
2020-11-23 15:34:59,473  INFO [main] (org.apache.coyote.http11.Http11NioProtocol::) - Starting ProtocolHandler ["http-nio-8924"]
2020-11-23 15:34:59,511  INFO [main] (org.springframework.boot.web.embedded.tomcat.TomcatWebServer::) - Tomcat started on port(s): 8924 (http) with context path ''
2020-11-23 15:34:59,515  INFO [main] (com.hzz.hzzjdbc.HzzjdbcApplication:logStarted:59) - Started HzzjdbcApplication in 3.809 seconds (JVM running for 6.464)
2020-11-23 15:37:32,288  INFO [main] (com.hzz.hzzjdbc.HzzjdbcApplication:logStarting:50) - Starting HzzjdbcApplication on DESKTOP-I0L1KHS with PID 11776 (D:\hzzmysoft\myspace\hzzjdbc\target\classes started by fxft in D:\hzzmysoft\myspace\hzzjdbc)
2020-11-23 15:37:32,298  INFO [main] (com.hzz.hzzjdbc.HzzjdbcApplication:logStartupProfileInfo:648) - No active profile set, falling back to default profiles: default
2020-11-23 15:37:34,130  INFO [main] (org.springframework.boot.web.embedded.tomcat.TomcatWebServer::) - Tomcat initialized with port(s): 8924 (http)
2020-11-23 15:37:34,150  INFO [main] (org.apache.coyote.http11.Http11NioProtocol::) - Initializing ProtocolHandler ["http-nio-8924"]
2020-11-23 15:37:34,158  INFO [main] (org.apache.catalina.core.StandardService::) - Starting service [Tomcat]
2020-11-23 15:37:34,159  INFO [main] (org.apache.catalina.core.StandardEngine::) - Starting Servlet engine: [Apache Tomcat/9.0.27]
2020-11-23 15:37:34,283  INFO [main] (org.apache.catalina.core.ContainerBase.[Tomcat].[localhost].[/]::) - Initializing Spring embedded WebApplicationContext
2020-11-23 15:37:34,283  INFO [main] (org.springframework.web.context.ContextLoader::) - Root WebApplicationContext: initialization completed in 1941 ms
2020-11-23 15:37:34,418  INFO [main] (com.hzz.hzzjdbc.jdbcutil.config.DaoAutoConfiguration:createhzzSpringJdbcUtil:51) - jdbc:mysql://127.0.0.1:3306/hzzdata?serverTimezone=GMT%2B8&useUnicode=true&characterEncoding=utf-8主数据库成功,url=jdbc:mysql://127.0.0.1:3306/hzzdata?serverTimezone=GMT%2B8&useUnicode=true&characterEncoding=utf-8
2020-11-23 15:37:34,431  INFO [main] (com.hzz.hzzjdbc.jdbcutil.config.DaoAutoConfiguration:createhzzSpringJdbcUtil2:69) - jdbc:mysql://172.16.8.96:3306/subiaodb?autoReconnect=true&characterEncoding=utf-8&zeroDateTimeBehavior=convertToNull&rewriteBatchedStatements=true&useSSL=false数据库成功,url=jdbc:mysql://172.16.8.96:3306/subiaodb?autoReconnect=true&characterEncoding=utf-8&zeroDateTimeBehavior=convertToNull&rewriteBatchedStatements=true&useSSL=false
2020-11-23 15:37:34,437  INFO [main] (com.hzz.hzzjdbc.jdbcutil.config.DaoAutoConfiguration:createhzzSpringJdbcUtil3:87) - jdbc:mysql://172.16.15.95:61502/subiaodb?autoReconnect=true&characterEncoding=utf-8&zeroDateTimeBehavior=convertToNull&rewriteBatchedStatements=true&useSSL=false数据库成功,url=jdbc:mysql://172.16.15.95:61502/subiaodb?autoReconnect=true&characterEncoding=utf-8&zeroDateTimeBehavior=convertToNull&rewriteBatchedStatements=true&useSSL=false
2020-11-23 15:37:34,449  INFO [main] (com.zaxxer.hikari.HikariDataSource::) - HikariPool-1 - Starting...
2020-11-23 15:37:34,627  INFO [main] (com.zaxxer.hikari.HikariDataSource::) - HikariPool-1 - Start completed.
2020-11-23 15:37:34,792  INFO [main] (com.zaxxer.hikari.HikariDataSource::) - HikariPool-2 - Starting...
2020-11-23 15:37:34,829  INFO [main] (com.zaxxer.hikari.HikariDataSource::) - HikariPool-2 - Start completed.
2020-11-23 15:37:34,832  INFO [main] (com.zaxxer.hikari.HikariDataSource::) - HikariPool-3 - Starting...
2020-11-23 15:37:34,852  INFO [main] (com.zaxxer.hikari.HikariDataSource::) - HikariPool-3 - Start completed.
2020-11-23 15:37:35,161  INFO [main] (org.springframework.scheduling.concurrent.ThreadPoolTaskExecutor::) - Initializing ExecutorService 'applicationTaskExecutor'
2020-11-23 15:37:35,410  INFO [main] (org.apache.coyote.http11.Http11NioProtocol::) - Starting ProtocolHandler ["http-nio-8924"]
2020-11-23 15:37:35,435  INFO [main] (org.springframework.boot.web.embedded.tomcat.TomcatWebServer::) - Tomcat started on port(s): 8924 (http) with context path ''
2020-11-23 15:37:35,439  INFO [main] (com.hzz.hzzjdbc.HzzjdbcApplication:logStarted:59) - Started HzzjdbcApplication in 3.548 seconds (JVM running for 6.24)
2020-11-23 15:38:06,166  INFO [main] (com.hzz.hzzjdbc.HzzjdbcApplication:logStarting:50) - Starting HzzjdbcApplication on DESKTOP-I0L1KHS with PID 8880 (D:\hzzmysoft\myspace\hzzjdbc\target\classes started by fxft in D:\hzzmysoft\myspace\hzzjdbc)
2020-11-23 15:38:06,174  INFO [main] (com.hzz.hzzjdbc.HzzjdbcApplication:logStartupProfileInfo:648) - No active profile set, falling back to default profiles: default
2020-11-23 15:38:07,571  INFO [main] (org.springframework.boot.web.embedded.tomcat.TomcatWebServer::) - Tomcat initialized with port(s): 8924 (http)
2020-11-23 15:38:07,595  INFO [main] (org.apache.coyote.http11.Http11NioProtocol::) - Initializing ProtocolHandler ["http-nio-8924"]
2020-11-23 15:38:07,606  INFO [main] (org.apache.catalina.core.StandardService::) - Starting service [Tomcat]
2020-11-23 15:38:07,607  INFO [main] (org.apache.catalina.core.StandardEngine::) - Starting Servlet engine: [Apache Tomcat/9.0.27]
2020-11-23 15:38:07,732  INFO [main] (org.apache.catalina.core.ContainerBase.[Tomcat].[localhost].[/]::) - Initializing Spring embedded WebApplicationContext
2020-11-23 15:38:07,732  INFO [main] (org.springframework.web.context.ContextLoader::) - Root WebApplicationContext: initialization completed in 1398 ms
2020-11-23 15:38:07,848  INFO [main] (com.hzz.hzzjdbc.jdbcutil.config.DaoAutoConfiguration:createhzzSpringJdbcUtil:51) - jdbc:mysql://127.0.0.1:3306/hzzdata?serverTimezone=GMT%2B8&useUnicode=true&characterEncoding=utf-8主数据库成功,url=jdbc:mysql://127.0.0.1:3306/hzzdata?serverTimezone=GMT%2B8&useUnicode=true&characterEncoding=utf-8
2020-11-23 15:38:07,860  INFO [main] (com.hzz.hzzjdbc.jdbcutil.config.DaoAutoConfiguration:createhzzSpringJdbcUtil2:69) - jdbc:mysql://172.16.8.96:3306/subiaodb?autoReconnect=true&characterEncoding=utf-8&zeroDateTimeBehavior=convertToNull&rewriteBatchedStatements=true&useSSL=false数据库成功,url=jdbc:mysql://172.16.8.96:3306/subiaodb?autoReconnect=true&characterEncoding=utf-8&zeroDateTimeBehavior=convertToNull&rewriteBatchedStatements=true&useSSL=false
2020-11-23 15:38:07,867  INFO [main] (com.hzz.hzzjdbc.jdbcutil.config.DaoAutoConfiguration:createhzzSpringJdbcUtil3:87) - jdbc:mysql://172.16.15.95:61502/subiaodb?autoReconnect=true&characterEncoding=utf-8&zeroDateTimeBehavior=convertToNull&rewriteBatchedStatements=true&useSSL=false数据库成功,url=jdbc:mysql://172.16.15.95:61502/subiaodb?autoReconnect=true&characterEncoding=utf-8&zeroDateTimeBehavior=convertToNull&rewriteBatchedStatements=true&useSSL=false
2020-11-23 15:38:07,875  INFO [main] (com.zaxxer.hikari.HikariDataSource::) - HikariPool-1 - Starting...
2020-11-23 15:38:08,052  INFO [main] (com.zaxxer.hikari.HikariDataSource::) - HikariPool-1 - Start completed.
2020-11-23 15:38:08,228  INFO [main] (com.zaxxer.hikari.HikariDataSource::) - HikariPool-2 - Starting...
2020-11-23 15:38:08,245  INFO [main] (com.zaxxer.hikari.HikariDataSource::) - HikariPool-2 - Start completed.
2020-11-23 15:38:08,247  INFO [main] (com.zaxxer.hikari.HikariDataSource::) - HikariPool-3 - Starting...
2020-11-23 15:38:08,266  INFO [main] (com.zaxxer.hikari.HikariDataSource::) - HikariPool-3 - Start completed.
2020-11-23 15:38:08,550  INFO [main] (org.springframework.scheduling.concurrent.ThreadPoolTaskExecutor::) - Initializing ExecutorService 'applicationTaskExecutor'
2020-11-23 15:38:08,815  INFO [main] (org.apache.coyote.http11.Http11NioProtocol::) - Starting ProtocolHandler ["http-nio-8924"]
2020-11-23 15:38:08,844  INFO [main] (org.springframework.boot.web.embedded.tomcat.TomcatWebServer::) - Tomcat started on port(s): 8924 (http) with context path ''
2020-11-23 15:38:08,850  INFO [main] (com.hzz.hzzjdbc.HzzjdbcApplication:logStarted:59) - Started HzzjdbcApplication in 3.268 seconds (JVM running for 5.531)
2021-01-06 09:54:59,329  INFO [main] (com.hzz.hzzjdbc.HzzjdbcApplication:logStarting:50) - Starting HzzjdbcApplication on DESKTOP-I0L1KHS with PID 2212 (D:\hzzmysoft\myspace\hzzjdbc\target\classes started by fxft in D:\hzzmysoft\myspace\hzzjdbc)
2021-01-06 09:54:59,336  INFO [main] (com.hzz.hzzjdbc.HzzjdbcApplication:logStartupProfileInfo:648) - No active profile set, falling back to default profiles: default
2021-01-06 09:55:00,542  INFO [main] (org.springframework.boot.web.embedded.tomcat.TomcatWebServer::) - Tomcat initialized with port(s): 8924 (http)
2021-01-06 09:55:00,563  INFO [main] (org.apache.coyote.http11.Http11NioProtocol::) - Initializing ProtocolHandler ["http-nio-8924"]
2021-01-06 09:55:00,573  INFO [main] (org.apache.catalina.core.StandardService::) - Starting service [Tomcat]
2021-01-06 09:55:00,574  INFO [main] (org.apache.catalina.core.StandardEngine::) - Starting Servlet engine: [Apache Tomcat/9.0.27]
2021-01-06 09:55:00,678  INFO [main] (org.apache.catalina.core.ContainerBase.[Tomcat].[localhost].[/]::) - Initializing Spring embedded WebApplicationContext
2021-01-06 09:55:00,679  INFO [main] (org.springframework.web.context.ContextLoader::) - Root WebApplicationContext: initialization completed in 1306 ms
2021-01-06 09:55:00,802  INFO [main] (com.hzz.hzzjdbc.jdbcutil.config.DaoAutoConfiguration:createhzzSpringJdbcUtil:51) - jdbc:mysql://127.0.0.1:3306/hzzdata?serverTimezone=GMT%2B8&useUnicode=true&characterEncoding=utf-8主数据库成功,url=jdbc:mysql://127.0.0.1:3306/hzzdata?serverTimezone=GMT%2B8&useUnicode=true&characterEncoding=utf-8
2021-01-06 09:55:00,814  INFO [main] (com.hzz.hzzjdbc.jdbcutil.config.DaoAutoConfiguration:createhzzSpringJdbcUtil2:69) - jdbc:mysql://172.16.8.96:3306/subiaodb?autoReconnect=true&characterEncoding=utf-8&zeroDateTimeBehavior=convertToNull&rewriteBatchedStatements=true&useSSL=false数据库成功,url=jdbc:mysql://172.16.8.96:3306/subiaodb?autoReconnect=true&characterEncoding=utf-8&zeroDateTimeBehavior=convertToNull&rewriteBatchedStatements=true&useSSL=false
2021-01-06 09:55:00,820  INFO [main] (com.hzz.hzzjdbc.jdbcutil.config.DaoAutoConfiguration:createhzzSpringJdbcUtil3:87) - jdbc:mysql://172.16.15.95:61502/subiaodb?autoReconnect=true&characterEncoding=utf-8&zeroDateTimeBehavior=convertToNull&rewriteBatchedStatements=true&useSSL=false数据库成功,url=jdbc:mysql://172.16.15.95:61502/subiaodb?autoReconnect=true&characterEncoding=utf-8&zeroDateTimeBehavior=convertToNull&rewriteBatchedStatements=true&useSSL=false
2021-01-06 09:55:00,828  INFO [main] (com.zaxxer.hikari.HikariDataSource::) - HikariPool-1 - Starting...
2021-01-06 09:55:01,018  INFO [main] (com.zaxxer.hikari.HikariDataSource::) - HikariPool-1 - Start completed.
2021-01-06 09:55:01,162  INFO [main] (com.zaxxer.hikari.HikariDataSource::) - HikariPool-2 - Starting...
2021-01-06 09:55:01,305  INFO [main] (com.zaxxer.hikari.HikariDataSource::) - HikariPool-2 - Start completed.
2021-01-06 09:55:01,308  INFO [main] (com.zaxxer.hikari.HikariDataSource::) - HikariPool-3 - Starting...
2021-01-06 09:55:01,348  INFO [main] (com.zaxxer.hikari.HikariDataSource::) - HikariPool-3 - Start completed.
2021-01-06 09:55:01,678  INFO [main] (org.springframework.scheduling.concurrent.ThreadPoolTaskExecutor::) - Initializing ExecutorService 'applicationTaskExecutor'
2021-01-06 09:55:01,922  INFO [main] (org.apache.coyote.http11.Http11NioProtocol::) - Starting ProtocolHandler ["http-nio-8924"]
2021-01-06 09:55:01,947  INFO [main] (org.springframework.boot.web.embedded.tomcat.TomcatWebServer::) - Tomcat started on port(s): 8924 (http) with context path ''
2021-01-06 09:55:01,950  INFO [main] (com.hzz.hzzjdbc.HzzjdbcApplication:logStarted:59) - Started HzzjdbcApplication in 2.99 seconds (JVM running for 6.579)
2021-01-20 16:15:55,770 ERROR [main] (com.hzz.hzzjdbc.jdbcutil.searchmain.ConnectExecuter:errsql:115) - 执行sql出错,sql=select sysdate() from dual
org.sqlite.SQLiteException: [SQLITE_ERROR] SQL error or missing database (no such table: dual)
	at org.sqlite.core.DB.newSQLException(DB.java:1010) ~[sqlite-jdbc-3.31.1.jar:?]
	at org.sqlite.core.DB.newSQLException(DB.java:1022) ~[sqlite-jdbc-3.31.1.jar:?]
	at org.sqlite.core.DB.throwex(DB.java:987) ~[sqlite-jdbc-3.31.1.jar:?]
	at org.sqlite.core.NativeDB.prepare_utf8(Native Method) ~[sqlite-jdbc-3.31.1.jar:?]
	at org.sqlite.core.NativeDB.prepare(NativeDB.java:134) ~[sqlite-jdbc-3.31.1.jar:?]
	at org.sqlite.core.DB.prepare(DB.java:264) ~[sqlite-jdbc-3.31.1.jar:?]
	at org.sqlite.core.CorePreparedStatement.<init>(CorePreparedStatement.java:45) ~[sqlite-jdbc-3.31.1.jar:?]
	at org.sqlite.jdbc3.JDBC3PreparedStatement.<init>(JDBC3PreparedStatement.java:30) ~[sqlite-jdbc-3.31.1.jar:?]
	at org.sqlite.jdbc4.JDBC4PreparedStatement.<init>(JDBC4PreparedStatement.java:19) ~[sqlite-jdbc-3.31.1.jar:?]
	at org.sqlite.jdbc4.JDBC4Connection.prepareStatement(JDBC4Connection.java:35) ~[sqlite-jdbc-3.31.1.jar:?]
	at org.sqlite.jdbc3.JDBC3Connection.prepareStatement(JDBC3Connection.java:241) ~[sqlite-jdbc-3.31.1.jar:?]
	at org.sqlite.jdbc3.JDBC3Connection.prepareStatement(JDBC3Connection.java:205) ~[sqlite-jdbc-3.31.1.jar:?]
	at com.hzz.hzzjdbc.jdbcutil.searchmain.ConnectExecuter.excuteSql(ConnectExecuter.java:53) ~[classes/:?]
	at com.hzz.hzzjdbc.jdbcutil.searchmain.SearchExecuter.searchfirstval(SearchExecuter.java:102) ~[classes/:?]
	at com.hzz.hzzjdbc.jdbcutil.searchmain.SearchExecuter.searchFirstVal(SearchExecuter.java:79) ~[classes/:?]
	at com.hzz.hzzjdbc.jdbcutil.searchmain.MysqlUtiilRealize.queryFirstValToString(MysqlUtiilRealize.java:194) ~[classes/:?]
	at com.hzz.hzzjdbc.jdbcutil.dbmain.Mysqldb.queryFirstValToString(Mysqldb.java:210) ~[classes/:?]
	at com.hzz.hzzjdbc.jdbcutil.test.SqlLiteTest.main(SqlLiteTest.java:15) ~[classes/:?]
2021-01-20 16:19:10,282 ERROR [main] (com.hzz.hzzjdbc.jdbcutil.searchmain.ConnectExecuter:errsql:115) - 执行sql出错,sql=select sysdate() from dual
org.sqlite.SQLiteException: [SQLITE_ERROR] SQL error or missing database (no such table: dual)
	at org.sqlite.core.DB.newSQLException(DB.java:1010) ~[sqlite-jdbc-3.31.1.jar:?]
	at org.sqlite.core.DB.newSQLException(DB.java:1022) ~[sqlite-jdbc-3.31.1.jar:?]
	at org.sqlite.core.DB.throwex(DB.java:987) ~[sqlite-jdbc-3.31.1.jar:?]
	at org.sqlite.core.NativeDB.prepare_utf8(Native Method) ~[sqlite-jdbc-3.31.1.jar:?]
	at org.sqlite.core.NativeDB.prepare(NativeDB.java:134) ~[sqlite-jdbc-3.31.1.jar:?]
	at org.sqlite.core.DB.prepare(DB.java:264) ~[sqlite-jdbc-3.31.1.jar:?]
	at org.sqlite.core.CorePreparedStatement.<init>(CorePreparedStatement.java:45) ~[sqlite-jdbc-3.31.1.jar:?]
	at org.sqlite.jdbc3.JDBC3PreparedStatement.<init>(JDBC3PreparedStatement.java:30) ~[sqlite-jdbc-3.31.1.jar:?]
	at org.sqlite.jdbc4.JDBC4PreparedStatement.<init>(JDBC4PreparedStatement.java:19) ~[sqlite-jdbc-3.31.1.jar:?]
	at org.sqlite.jdbc4.JDBC4Connection.prepareStatement(JDBC4Connection.java:35) ~[sqlite-jdbc-3.31.1.jar:?]
	at org.sqlite.jdbc3.JDBC3Connection.prepareStatement(JDBC3Connection.java:241) ~[sqlite-jdbc-3.31.1.jar:?]
	at org.sqlite.jdbc3.JDBC3Connection.prepareStatement(JDBC3Connection.java:205) ~[sqlite-jdbc-3.31.1.jar:?]
	at com.hzz.hzzjdbc.jdbcutil.searchmain.ConnectExecuter.excuteSql(ConnectExecuter.java:53) ~[classes/:?]
	at com.hzz.hzzjdbc.jdbcutil.searchmain.SearchExecuter.searchfirstval(SearchExecuter.java:102) ~[classes/:?]
	at com.hzz.hzzjdbc.jdbcutil.searchmain.SearchExecuter.searchFirstVal(SearchExecuter.java:79) ~[classes/:?]
	at com.hzz.hzzjdbc.jdbcutil.searchmain.MysqlUtiilRealize.queryFirstValToString(MysqlUtiilRealize.java:194) ~[classes/:?]
	at com.hzz.hzzjdbc.jdbcutil.dbmain.Mysqldb.queryFirstValToString(Mysqldb.java:210) ~[classes/:?]
	at com.hzz.hzzjdbc.jdbcutil.test.SqlLiteTest.main(SqlLiteTest.java:15) ~[classes/:?]
2021-01-20 16:19:38,909 ERROR [main] (com.hzz.hzzjdbc.jdbcutil.searchmain.ConnectExecuter:errsql:115) - 执行sql出错,sql=select sysdate() from dual
org.sqlite.SQLiteException: [SQLITE_ERROR] SQL error or missing database (no such table: dual)
	at org.sqlite.core.DB.newSQLException(DB.java:1010) ~[sqlite-jdbc-3.31.1.jar:?]
	at org.sqlite.core.DB.newSQLException(DB.java:1022) ~[sqlite-jdbc-3.31.1.jar:?]
	at org.sqlite.core.DB.throwex(DB.java:987) ~[sqlite-jdbc-3.31.1.jar:?]
	at org.sqlite.core.NativeDB.prepare_utf8(Native Method) ~[sqlite-jdbc-3.31.1.jar:?]
	at org.sqlite.core.NativeDB.prepare(NativeDB.java:134) ~[sqlite-jdbc-3.31.1.jar:?]
	at org.sqlite.core.DB.prepare(DB.java:264) ~[sqlite-jdbc-3.31.1.jar:?]
	at org.sqlite.core.CorePreparedStatement.<init>(CorePreparedStatement.java:45) ~[sqlite-jdbc-3.31.1.jar:?]
	at org.sqlite.jdbc3.JDBC3PreparedStatement.<init>(JDBC3PreparedStatement.java:30) ~[sqlite-jdbc-3.31.1.jar:?]
	at org.sqlite.jdbc4.JDBC4PreparedStatement.<init>(JDBC4PreparedStatement.java:19) ~[sqlite-jdbc-3.31.1.jar:?]
	at org.sqlite.jdbc4.JDBC4Connection.prepareStatement(JDBC4Connection.java:35) ~[sqlite-jdbc-3.31.1.jar:?]
	at org.sqlite.jdbc3.JDBC3Connection.prepareStatement(JDBC3Connection.java:241) ~[sqlite-jdbc-3.31.1.jar:?]
	at org.sqlite.jdbc3.JDBC3Connection.prepareStatement(JDBC3Connection.java:205) ~[sqlite-jdbc-3.31.1.jar:?]
	at com.hzz.hzzjdbc.jdbcutil.searchmain.ConnectExecuter.excuteSql(ConnectExecuter.java:53) ~[classes/:?]
	at com.hzz.hzzjdbc.jdbcutil.searchmain.SearchExecuter.searchfirstval(SearchExecuter.java:102) ~[classes/:?]
	at com.hzz.hzzjdbc.jdbcutil.searchmain.SearchExecuter.searchFirstVal(SearchExecuter.java:79) ~[classes/:?]
	at com.hzz.hzzjdbc.jdbcutil.searchmain.MysqlUtiilRealize.queryFirstValToString(MysqlUtiilRealize.java:194) ~[classes/:?]
	at com.hzz.hzzjdbc.jdbcutil.dbmain.Mysqldb.queryFirstValToString(Mysqldb.java:210) ~[classes/:?]
	at com.hzz.hzzjdbc.jdbcutil.test.SqlLiteTest.main(SqlLiteTest.java:15) ~[classes/:?]
2021-01-20 16:20:40,194 ERROR [main] (com.hzz.hzzjdbc.jdbcutil.searchmain.ConnectExecuter:errsql:115) - 执行sql出错,sql=select sysdate() from dual
org.sqlite.SQLiteException: [SQLITE_ERROR] SQL error or missing database (no such table: dual)
	at org.sqlite.core.DB.newSQLException(DB.java:1010) ~[sqlite-jdbc-3.31.1.jar:?]
	at org.sqlite.core.DB.newSQLException(DB.java:1022) ~[sqlite-jdbc-3.31.1.jar:?]
	at org.sqlite.core.DB.throwex(DB.java:987) ~[sqlite-jdbc-3.31.1.jar:?]
	at org.sqlite.core.NativeDB.prepare_utf8(Native Method) ~[sqlite-jdbc-3.31.1.jar:?]
	at org.sqlite.core.NativeDB.prepare(NativeDB.java:134) ~[sqlite-jdbc-3.31.1.jar:?]
	at org.sqlite.core.DB.prepare(DB.java:264) ~[sqlite-jdbc-3.31.1.jar:?]
	at org.sqlite.core.CorePreparedStatement.<init>(CorePreparedStatement.java:45) ~[sqlite-jdbc-3.31.1.jar:?]
	at org.sqlite.jdbc3.JDBC3PreparedStatement.<init>(JDBC3PreparedStatement.java:30) ~[sqlite-jdbc-3.31.1.jar:?]
	at org.sqlite.jdbc4.JDBC4PreparedStatement.<init>(JDBC4PreparedStatement.java:19) ~[sqlite-jdbc-3.31.1.jar:?]
	at org.sqlite.jdbc4.JDBC4Connection.prepareStatement(JDBC4Connection.java:35) ~[sqlite-jdbc-3.31.1.jar:?]
	at org.sqlite.jdbc3.JDBC3Connection.prepareStatement(JDBC3Connection.java:241) ~[sqlite-jdbc-3.31.1.jar:?]
	at org.sqlite.jdbc3.JDBC3Connection.prepareStatement(JDBC3Connection.java:205) ~[sqlite-jdbc-3.31.1.jar:?]
	at com.hzz.hzzjdbc.jdbcutil.searchmain.ConnectExecuter.excuteSql(ConnectExecuter.java:53) ~[classes/:?]
	at com.hzz.hzzjdbc.jdbcutil.searchmain.SearchExecuter.searchfirstval(SearchExecuter.java:102) ~[classes/:?]
	at com.hzz.hzzjdbc.jdbcutil.searchmain.SearchExecuter.searchFirstVal(SearchExecuter.java:79) ~[classes/:?]
	at com.hzz.hzzjdbc.jdbcutil.searchmain.MysqlUtiilRealize.queryFirstValToString(MysqlUtiilRealize.java:194) ~[classes/:?]
	at com.hzz.hzzjdbc.jdbcutil.dbmain.Mysqldb.queryFirstValToString(Mysqldb.java:210) ~[classes/:?]
	at com.hzz.hzzjdbc.jdbcutil.test.SqlLiteTest.main(SqlLiteTest.java:15) ~[classes/:?]
2021-01-20 16:20:49,499 ERROR [main] (com.hzz.hzzjdbc.jdbcutil.searchmain.ConnectExecuter:errsql:115) - 执行sql出错,sql=select * from vehicle 
org.sqlite.SQLiteException: [SQLITE_ERROR] SQL error or missing database (no such table: vehicle)
	at org.sqlite.core.DB.newSQLException(DB.java:1010) ~[sqlite-jdbc-3.31.1.jar:?]
	at org.sqlite.core.DB.newSQLException(DB.java:1022) ~[sqlite-jdbc-3.31.1.jar:?]
	at org.sqlite.core.DB.throwex(DB.java:987) ~[sqlite-jdbc-3.31.1.jar:?]
	at org.sqlite.core.NativeDB.prepare_utf8(Native Method) ~[sqlite-jdbc-3.31.1.jar:?]
	at org.sqlite.core.NativeDB.prepare(NativeDB.java:134) ~[sqlite-jdbc-3.31.1.jar:?]
	at org.sqlite.core.DB.prepare(DB.java:264) ~[sqlite-jdbc-3.31.1.jar:?]
	at org.sqlite.core.CorePreparedStatement.<init>(CorePreparedStatement.java:45) ~[sqlite-jdbc-3.31.1.jar:?]
	at org.sqlite.jdbc3.JDBC3PreparedStatement.<init>(JDBC3PreparedStatement.java:30) ~[sqlite-jdbc-3.31.1.jar:?]
	at org.sqlite.jdbc4.JDBC4PreparedStatement.<init>(JDBC4PreparedStatement.java:19) ~[sqlite-jdbc-3.31.1.jar:?]
	at org.sqlite.jdbc4.JDBC4Connection.prepareStatement(JDBC4Connection.java:35) ~[sqlite-jdbc-3.31.1.jar:?]
	at org.sqlite.jdbc3.JDBC3Connection.prepareStatement(JDBC3Connection.java:241) ~[sqlite-jdbc-3.31.1.jar:?]
	at org.sqlite.jdbc3.JDBC3Connection.prepareStatement(JDBC3Connection.java:205) ~[sqlite-jdbc-3.31.1.jar:?]
	at com.hzz.hzzjdbc.jdbcutil.searchmain.ConnectExecuter.excuteSql(ConnectExecuter.java:53) ~[classes/:?]
	at com.hzz.hzzjdbc.jdbcutil.searchmain.SearchExecuter.executeQuery(SearchExecuter.java:136) ~[classes/:?]
	at com.hzz.hzzjdbc.jdbcutil.searchmain.MysqlUtiilRealize.query(MysqlUtiilRealize.java:131) ~[classes/:?]
	at com.hzz.hzzjdbc.jdbcutil.dbmain.Mysqldb.query(Mysqldb.java:68) ~[classes/:?]
	at com.hzz.hzzjdbc.jdbcutil.test.SqlLiteTest.main(SqlLiteTest.java:18) ~[classes/:?]
2021-01-20 16:23:25,827 ERROR [main] (com.hzz.hzzjdbc.jdbcutil.searchmain.ConnectExecuter:errsql:115) - 执行sql出错,sql=select * from main.vehicle 
org.sqlite.SQLiteException: [SQLITE_ERROR] SQL error or missing database (no such table: main.vehicle)
	at org.sqlite.core.DB.newSQLException(DB.java:1010) ~[sqlite-jdbc-3.31.1.jar:?]
	at org.sqlite.core.DB.newSQLException(DB.java:1022) ~[sqlite-jdbc-3.31.1.jar:?]
	at org.sqlite.core.DB.throwex(DB.java:987) ~[sqlite-jdbc-3.31.1.jar:?]
	at org.sqlite.core.NativeDB.prepare_utf8(Native Method) ~[sqlite-jdbc-3.31.1.jar:?]
	at org.sqlite.core.NativeDB.prepare(NativeDB.java:134) ~[sqlite-jdbc-3.31.1.jar:?]
	at org.sqlite.core.DB.prepare(DB.java:264) ~[sqlite-jdbc-3.31.1.jar:?]
	at org.sqlite.core.CorePreparedStatement.<init>(CorePreparedStatement.java:45) ~[sqlite-jdbc-3.31.1.jar:?]
	at org.sqlite.jdbc3.JDBC3PreparedStatement.<init>(JDBC3PreparedStatement.java:30) ~[sqlite-jdbc-3.31.1.jar:?]
	at org.sqlite.jdbc4.JDBC4PreparedStatement.<init>(JDBC4PreparedStatement.java:19) ~[sqlite-jdbc-3.31.1.jar:?]
	at org.sqlite.jdbc4.JDBC4Connection.prepareStatement(JDBC4Connection.java:35) ~[sqlite-jdbc-3.31.1.jar:?]
	at org.sqlite.jdbc3.JDBC3Connection.prepareStatement(JDBC3Connection.java:241) ~[sqlite-jdbc-3.31.1.jar:?]
	at org.sqlite.jdbc3.JDBC3Connection.prepareStatement(JDBC3Connection.java:205) ~[sqlite-jdbc-3.31.1.jar:?]
	at com.hzz.hzzjdbc.jdbcutil.searchmain.ConnectExecuter.excuteSql(ConnectExecuter.java:53) ~[classes/:?]
	at com.hzz.hzzjdbc.jdbcutil.searchmain.SearchExecuter.executeQuery(SearchExecuter.java:136) ~[classes/:?]
	at com.hzz.hzzjdbc.jdbcutil.searchmain.MysqlUtiilRealize.query(MysqlUtiilRealize.java:131) ~[classes/:?]
	at com.hzz.hzzjdbc.jdbcutil.dbmain.Mysqldb.query(Mysqldb.java:68) ~[classes/:?]
	at com.hzz.hzzjdbc.jdbcutil.test.SqlLiteTest.main(SqlLiteTest.java:18) ~[classes/:?]
2021-01-20 16:25:00,712 ERROR [main] (com.hzz.hzzjdbc.jdbcutil.searchmain.ConnectExecuter:errsql:115) - 执行sql出错,sql=select * from main.vehicle 
org.sqlite.SQLiteException: [SQLITE_ERROR] SQL error or missing database (no such table: main.vehicle)
	at org.sqlite.core.DB.newSQLException(DB.java:1010) ~[sqlite-jdbc-3.31.1.jar:?]
	at org.sqlite.core.DB.newSQLException(DB.java:1022) ~[sqlite-jdbc-3.31.1.jar:?]
	at org.sqlite.core.DB.throwex(DB.java:987) ~[sqlite-jdbc-3.31.1.jar:?]
	at org.sqlite.core.NativeDB.prepare_utf8(Native Method) ~[sqlite-jdbc-3.31.1.jar:?]
	at org.sqlite.core.NativeDB.prepare(NativeDB.java:134) ~[sqlite-jdbc-3.31.1.jar:?]
	at org.sqlite.core.DB.prepare(DB.java:264) ~[sqlite-jdbc-3.31.1.jar:?]
	at org.sqlite.core.CorePreparedStatement.<init>(CorePreparedStatement.java:45) ~[sqlite-jdbc-3.31.1.jar:?]
	at org.sqlite.jdbc3.JDBC3PreparedStatement.<init>(JDBC3PreparedStatement.java:30) ~[sqlite-jdbc-3.31.1.jar:?]
	at org.sqlite.jdbc4.JDBC4PreparedStatement.<init>(JDBC4PreparedStatement.java:19) ~[sqlite-jdbc-3.31.1.jar:?]
	at org.sqlite.jdbc4.JDBC4Connection.prepareStatement(JDBC4Connection.java:35) ~[sqlite-jdbc-3.31.1.jar:?]
	at org.sqlite.jdbc3.JDBC3Connection.prepareStatement(JDBC3Connection.java:241) ~[sqlite-jdbc-3.31.1.jar:?]
	at org.sqlite.jdbc3.JDBC3Connection.prepareStatement(JDBC3Connection.java:205) ~[sqlite-jdbc-3.31.1.jar:?]
	at com.hzz.hzzjdbc.jdbcutil.searchmain.ConnectExecuter.excuteSql(ConnectExecuter.java:53) ~[classes/:?]
	at com.hzz.hzzjdbc.jdbcutil.searchmain.SearchExecuter.executeQuery(SearchExecuter.java:136) ~[classes/:?]
	at com.hzz.hzzjdbc.jdbcutil.searchmain.MysqlUtiilRealize.query(MysqlUtiilRealize.java:131) ~[classes/:?]
	at com.hzz.hzzjdbc.jdbcutil.dbmain.Mysqldb.query(Mysqldb.java:68) ~[classes/:?]
	at com.hzz.hzzjdbc.jdbcutil.test.SqlLiteTest.main(SqlLiteTest.java:18) ~[classes/:?]
2021-01-20 16:25:00,724 ERROR [main] (com.hzz.hzzjdbc.jdbcutil.searchmain.ConnectExecuter:errsql:115) - 执行sql出错,sql=select * from main.vehicle 
java.lang.NullPointerException: null
	at com.hzz.hzzjdbc.jdbcutil.searchmain.SearchExecuter.executeQuery(SearchExecuter.java:139) ~[classes/:?]
	at com.hzz.hzzjdbc.jdbcutil.searchmain.MysqlUtiilRealize.query(MysqlUtiilRealize.java:131) ~[classes/:?]
	at com.hzz.hzzjdbc.jdbcutil.dbmain.Mysqldb.query(Mysqldb.java:68) ~[classes/:?]
	at com.hzz.hzzjdbc.jdbcutil.test.SqlLiteTest.main(SqlLiteTest.java:18) ~[classes/:?]
